/home/ubuntu/.local/lib/python3.9/site-packages/FinanceDataReader/wikipedia/listing.py:13: FutureWarning:

The default value of regex will change from True to False in a future version.

  0%|          | 0/4039 [00:00<?, ?it/s]  1%|▏         | 60/4039 [00:00<00:39, 99.57it/s]  3%|▎         | 120/4039 [00:00<00:20, 191.46it/s]  6%|▌         | 240/4039 [00:00<00:10, 360.76it/s]  7%|▋         | 300/4039 [00:01<00:10, 372.48it/s] 10%|█         | 420/4039 [00:01<00:07, 471.66it/s] 13%|█▎        | 540/4039 [00:01<00:06, 536.40it/s] 15%|█▍        | 600/4039 [00:01<00:06, 531.08it/s] 18%|█▊        | 720/4039 [00:01<00:05, 576.11it/s] 21%|██        | 840/4039 [00:01<00:05, 625.43it/s] 24%|██▍       | 960/4039 [00:02<00:04, 630.53it/s] 27%|██▋       | 1080/4039 [00:02<00:04, 620.81it/s] 30%|██▉       | 1200/4039 [00:02<00:04, 638.36it/s] 33%|███▎      | 1320/4039 [00:02<00:04, 640.48it/s] 36%|███▌      | 1440/4039 [00:02<00:04, 591.10it/s] 39%|███▊      | 1560/4039 [00:03<00:04, 562.86it/s] 40%|████      | 1620/4039 [00:03<00:04, 563.99it/s] 42%|████▏     | 1680/4039 [00:03<00:04, 542.53it/s] 45%|████▍     | 1800/4039 [00:03<00:04, 549.08it/s] 46%|████▌     | 1860/4039 [00:03<00:04, 522.77it/s] 48%|████▊     | 1920/4039 [00:03<00:04, 490.01it/s] 49%|████▉     | 1980/4039 [00:03<00:04, 495.76it/s] 51%|█████     | 2040/4039 [00:04<00:04, 473.67it/s] 52%|█████▏    | 2100/4039 [00:04<00:03, 486.81it/s] 53%|█████▎    | 2160/4039 [00:04<00:03, 481.58it/s] 55%|█████▍    | 2220/4039 [00:04<00:04, 454.35it/s] 56%|█████▋    | 2280/4039 [00:04<00:03, 443.94it/s] 59%|█████▉    | 2400/4039 [00:04<00:03, 466.89it/s] 61%|██████    | 2460/4039 [00:04<00:03, 456.70it/s] 62%|██████▏   | 2520/4039 [00:05<00:03, 458.96it/s] 64%|██████▍   | 2580/4039 [00:05<00:03, 472.09it/s] 65%|██████▌   | 2640/4039 [00:05<00:03, 463.24it/s] 67%|██████▋   | 2700/4039 [00:05<00:03, 431.05it/s] 68%|██████▊   | 2760/4039 [00:05<00:03, 420.86it/s] 70%|██████▉   | 2820/4039 [00:05<00:02, 442.47it/s] 71%|███████▏  | 2880/4039 [00:05<00:02, 424.01it/s] 73%|███████▎  | 2940/4039 [00:06<00:02, 400.65it/s] 74%|███████▍  | 3000/4039 [00:06<00:02, 420.66it/s] 76%|███████▌  | 3060/4039 [00:06<00:02, 422.13it/s] 77%|███████▋  | 3120/4039 [00:06<00:02, 437.96it/s] 79%|███████▊  | 3180/4039 [00:06<00:02, 402.27it/s] 80%|████████  | 3240/4039 [00:06<00:01, 424.74it/s] 82%|████████▏ | 3300/4039 [00:06<00:01, 412.17it/s] 83%|████████▎ | 3360/4039 [00:07<00:01, 401.33it/s] 85%|████████▍ | 3420/4039 [00:07<00:01, 401.73it/s] 86%|████████▌ | 3480/4039 [00:07<00:01, 407.42it/s] 88%|████████▊ | 3540/4039 [00:07<00:01, 449.41it/s] 89%|████████▉ | 3600/4039 [00:07<00:00, 480.65it/s] 91%|█████████ | 3660/4039 [00:07<00:00, 507.42it/s] 92%|█████████▏| 3720/4039 [00:07<00:00, 525.53it/s] 94%|█████████▎| 3780/4039 [00:07<00:00, 531.88it/s] 95%|█████████▌| 3840/4039 [00:08<00:00, 544.93it/s] 97%|█████████▋| 3900/4039 [00:08<00:00, 542.21it/s] 98%|█████████▊| 3960/4039 [00:08<00:00, 549.78it/s]100%|█████████▉| 4020/4039 [00:08<00:00, 552.81it/s]100%|██████████| 4039/4039 [00:08<00:00, 471.97it/s]
  0%|          | 0/3319 [00:00<?, ?it/s]  5%|▌         | 180/3319 [00:00<00:01, 1788.65it/s] 11%|█         | 360/3319 [00:00<00:01, 1689.89it/s] 16%|█▋        | 540/3319 [00:00<00:01, 1634.01it/s] 22%|██▏       | 720/3319 [00:00<00:01, 1458.67it/s] 27%|██▋       | 900/3319 [00:00<00:01, 1359.66it/s] 33%|███▎      | 1080/3319 [00:00<00:01, 1274.58it/s] 38%|███▊      | 1260/3319 [00:00<00:01, 1190.23it/s] 43%|████▎     | 1440/3319 [00:01<00:01, 1136.55it/s] 47%|████▋     | 1560/3319 [00:01<00:01, 1078.50it/s] 51%|█████     | 1680/3319 [00:01<00:01, 1031.81it/s] 54%|█████▍    | 1800/3319 [00:01<00:01, 1011.76it/s] 58%|█████▊    | 1920/3319 [00:01<00:01, 866.40it/s]  61%|██████▏   | 2040/3319 [00:01<00:01, 867.73it/s] 65%|██████▌   | 2160/3319 [00:01<00:01, 860.64it/s] 69%|██████▊   | 2280/3319 [00:02<00:01, 840.21it/s] 72%|███████▏  | 2400/3319 [00:02<00:01, 808.95it/s] 76%|███████▌  | 2520/3319 [00:02<00:01, 790.68it/s] 80%|███████▉  | 2640/3319 [00:02<00:00, 781.64it/s] 83%|████████▎ | 2760/3319 [00:02<00:00, 759.05it/s] 87%|████████▋ | 2880/3319 [00:02<00:00, 742.46it/s] 90%|█████████ | 3000/3319 [00:03<00:00, 715.06it/s] 94%|█████████▍| 3120/3319 [00:03<00:00, 688.03it/s] 98%|█████████▊| 3240/3319 [00:03<00:00, 671.76it/s]100%|██████████| 3319/3319 [00:03<00:00, 602.92it/s]100%|██████████| 3319/3319 [00:03<00:00, 880.58it/s]
/home/ubuntu/.local/lib/python3.9/site-packages/matplotlib/backends/backend_agg.py:240: RuntimeWarning:

Glyph 54616 missing from current font.

/home/ubuntu/.local/lib/python3.9/site-packages/matplotlib/backends/backend_agg.py:240: RuntimeWarning:

Glyph 51060 missing from current font.

/home/ubuntu/.local/lib/python3.9/site-packages/matplotlib/backends/backend_agg.py:240: RuntimeWarning:

Glyph 53581 missing from current font.

/home/ubuntu/.local/lib/python3.9/site-packages/matplotlib/backends/backend_agg.py:203: RuntimeWarning:

Glyph 54616 missing from current font.

/home/ubuntu/.local/lib/python3.9/site-packages/matplotlib/backends/backend_agg.py:203: RuntimeWarning:

Glyph 51060 missing from current font.

/home/ubuntu/.local/lib/python3.9/site-packages/matplotlib/backends/backend_agg.py:203: RuntimeWarning:

Glyph 53581 missing from current font.

/home/ubuntu/.local/lib/python3.9/site-packages/matplotlib/backends/backend_agg.py:240: RuntimeWarning:

Glyph 51060 missing from current font.

/home/ubuntu/.local/lib/python3.9/site-packages/matplotlib/backends/backend_agg.py:240: RuntimeWarning:

Glyph 45432 missing from current font.

/home/ubuntu/.local/lib/python3.9/site-packages/matplotlib/backends/backend_agg.py:240: RuntimeWarning:

Glyph 50644 missing from current font.

/home/ubuntu/.local/lib/python3.9/site-packages/matplotlib/backends/backend_agg.py:203: RuntimeWarning:

Glyph 51060 missing from current font.

/home/ubuntu/.local/lib/python3.9/site-packages/matplotlib/backends/backend_agg.py:203: RuntimeWarning:

Glyph 45432 missing from current font.

/home/ubuntu/.local/lib/python3.9/site-packages/matplotlib/backends/backend_agg.py:203: RuntimeWarning:

Glyph 50644 missing from current font.

/home/ubuntu/.local/lib/python3.9/site-packages/matplotlib/backends/backend_agg.py:240: RuntimeWarning:

Glyph 46041 missing from current font.

/home/ubuntu/.local/lib/python3.9/site-packages/matplotlib/backends/backend_agg.py:240: RuntimeWarning:

Glyph 51068 missing from current font.

/home/ubuntu/.local/lib/python3.9/site-packages/matplotlib/backends/backend_agg.py:240: RuntimeWarning:

Glyph 44032 missing from current font.

/home/ubuntu/.local/lib/python3.9/site-packages/matplotlib/backends/backend_agg.py:240: RuntimeWarning:

Glyph 51473 missing from current font.

/home/ubuntu/.local/lib/python3.9/site-packages/matplotlib/backends/backend_agg.py:203: RuntimeWarning:

Glyph 46041 missing from current font.

/home/ubuntu/.local/lib/python3.9/site-packages/matplotlib/backends/backend_agg.py:203: RuntimeWarning:

Glyph 51068 missing from current font.

/home/ubuntu/.local/lib/python3.9/site-packages/matplotlib/backends/backend_agg.py:203: RuntimeWarning:

Glyph 44032 missing from current font.

/home/ubuntu/.local/lib/python3.9/site-packages/matplotlib/backends/backend_agg.py:203: RuntimeWarning:

Glyph 51473 missing from current font.

/home/ubuntu/.local/lib/python3.9/site-packages/matplotlib/backends/backend_agg.py:240: RuntimeWarning:

Glyph 48148 missing from current font.

/home/ubuntu/.local/lib/python3.9/site-packages/matplotlib/backends/backend_agg.py:240: RuntimeWarning:

Glyph 51060 missing from current font.

/home/ubuntu/.local/lib/python3.9/site-packages/matplotlib/backends/backend_agg.py:240: RuntimeWarning:

Glyph 50724 missing from current font.

/home/ubuntu/.local/lib/python3.9/site-packages/matplotlib/backends/backend_agg.py:203: RuntimeWarning:

Glyph 48148 missing from current font.

/home/ubuntu/.local/lib/python3.9/site-packages/matplotlib/backends/backend_agg.py:203: RuntimeWarning:

Glyph 51060 missing from current font.

/home/ubuntu/.local/lib/python3.9/site-packages/matplotlib/backends/backend_agg.py:203: RuntimeWarning:

Glyph 50724 missing from current font.

/home/ubuntu/.local/lib/python3.9/site-packages/matplotlib/backends/backend_agg.py:240: RuntimeWarning:

Glyph 51088 missing from current font.

/home/ubuntu/.local/lib/python3.9/site-packages/matplotlib/backends/backend_agg.py:240: RuntimeWarning:

Glyph 46041 missing from current font.

/home/ubuntu/.local/lib/python3.9/site-packages/matplotlib/backends/backend_agg.py:240: RuntimeWarning:

Glyph 52264 missing from current font.

/home/ubuntu/.local/lib/python3.9/site-packages/matplotlib/backends/backend_agg.py:203: RuntimeWarning:

Glyph 51088 missing from current font.

/home/ubuntu/.local/lib/python3.9/site-packages/matplotlib/backends/backend_agg.py:203: RuntimeWarning:

Glyph 46041 missing from current font.

/home/ubuntu/.local/lib/python3.9/site-packages/matplotlib/backends/backend_agg.py:203: RuntimeWarning:

Glyph 52264 missing from current font.

/home/ubuntu/.local/lib/python3.9/site-packages/matplotlib/backends/backend_agg.py:240: RuntimeWarning:

Glyph 45684 missing from current font.

/home/ubuntu/.local/lib/python3.9/site-packages/matplotlib/backends/backend_agg.py:240: RuntimeWarning:

Glyph 46364 missing from current font.

/home/ubuntu/.local/lib/python3.9/site-packages/matplotlib/backends/backend_agg.py:203: RuntimeWarning:

Glyph 45684 missing from current font.

/home/ubuntu/.local/lib/python3.9/site-packages/matplotlib/backends/backend_agg.py:203: RuntimeWarning:

Glyph 46364 missing from current font.

/home/ubuntu/.local/lib/python3.9/site-packages/matplotlib/backends/backend_agg.py:240: RuntimeWarning:

Glyph 50864 missing from current font.

/home/ubuntu/.local/lib/python3.9/site-packages/matplotlib/backends/backend_agg.py:240: RuntimeWarning:

Glyph 47049 missing from current font.

/home/ubuntu/.local/lib/python3.9/site-packages/matplotlib/backends/backend_agg.py:240: RuntimeWarning:

Glyph 44032 missing from current font.

/home/ubuntu/.local/lib/python3.9/site-packages/matplotlib/backends/backend_agg.py:240: RuntimeWarning:

Glyph 52824 missing from current font.

/home/ubuntu/.local/lib/python3.9/site-packages/matplotlib/backends/backend_agg.py:203: RuntimeWarning:

Glyph 50864 missing from current font.

/home/ubuntu/.local/lib/python3.9/site-packages/matplotlib/backends/backend_agg.py:203: RuntimeWarning:

Glyph 47049 missing from current font.

/home/ubuntu/.local/lib/python3.9/site-packages/matplotlib/backends/backend_agg.py:203: RuntimeWarning:

Glyph 44032 missing from current font.

/home/ubuntu/.local/lib/python3.9/site-packages/matplotlib/backends/backend_agg.py:203: RuntimeWarning:

Glyph 52824 missing from current font.

/home/ubuntu/.local/lib/python3.9/site-packages/matplotlib/backends/backend_agg.py:240: RuntimeWarning:

Glyph 44053 missing from current font.

/home/ubuntu/.local/lib/python3.9/site-packages/matplotlib/backends/backend_agg.py:240: RuntimeWarning:

Glyph 50896 missing from current font.

/home/ubuntu/.local/lib/python3.9/site-packages/matplotlib/backends/backend_agg.py:240: RuntimeWarning:

Glyph 47004 missing from current font.

/home/ubuntu/.local/lib/python3.9/site-packages/matplotlib/backends/backend_agg.py:240: RuntimeWarning:

Glyph 46300 missing from current font.

/home/ubuntu/.local/lib/python3.9/site-packages/matplotlib/backends/backend_agg.py:203: RuntimeWarning:

Glyph 44053 missing from current font.

/home/ubuntu/.local/lib/python3.9/site-packages/matplotlib/backends/backend_agg.py:203: RuntimeWarning:

Glyph 50896 missing from current font.

/home/ubuntu/.local/lib/python3.9/site-packages/matplotlib/backends/backend_agg.py:203: RuntimeWarning:

Glyph 47004 missing from current font.

/home/ubuntu/.local/lib/python3.9/site-packages/matplotlib/backends/backend_agg.py:203: RuntimeWarning:

Glyph 46300 missing from current font.

/home/ubuntu/.local/lib/python3.9/site-packages/matplotlib/backends/backend_agg.py:240: RuntimeWarning:

Glyph 44264 missing from current font.

/home/ubuntu/.local/lib/python3.9/site-packages/matplotlib/backends/backend_agg.py:240: RuntimeWarning:

Glyph 54532 missing from current font.

/home/ubuntu/.local/lib/python3.9/site-packages/matplotlib/backends/backend_agg.py:240: RuntimeWarning:

Glyph 51316 missing from current font.

/home/ubuntu/.local/lib/python3.9/site-packages/matplotlib/backends/backend_agg.py:203: RuntimeWarning:

Glyph 44264 missing from current font.

/home/ubuntu/.local/lib/python3.9/site-packages/matplotlib/backends/backend_agg.py:203: RuntimeWarning:

Glyph 54532 missing from current font.

/home/ubuntu/.local/lib/python3.9/site-packages/matplotlib/backends/backend_agg.py:203: RuntimeWarning:

Glyph 51316 missing from current font.

/home/ubuntu/.local/lib/python3.9/site-packages/matplotlib/backends/backend_agg.py:240: RuntimeWarning:

Glyph 46160 missing from current font.

/home/ubuntu/.local/lib/python3.9/site-packages/matplotlib/backends/backend_agg.py:240: RuntimeWarning:

Glyph 49328 missing from current font.

/home/ubuntu/.local/lib/python3.9/site-packages/matplotlib/backends/backend_agg.py:240: RuntimeWarning:

Glyph 51473 missing from current font.

/home/ubuntu/.local/lib/python3.9/site-packages/matplotlib/backends/backend_agg.py:240: RuntimeWarning:

Glyph 44277 missing from current font.

/home/ubuntu/.local/lib/python3.9/site-packages/matplotlib/backends/backend_agg.py:240: RuntimeWarning:

Glyph 50629 missing from current font.

/home/ubuntu/.local/lib/python3.9/site-packages/matplotlib/backends/backend_agg.py:203: RuntimeWarning:

Glyph 46160 missing from current font.

/home/ubuntu/.local/lib/python3.9/site-packages/matplotlib/backends/backend_agg.py:203: RuntimeWarning:

Glyph 49328 missing from current font.

/home/ubuntu/.local/lib/python3.9/site-packages/matplotlib/backends/backend_agg.py:203: RuntimeWarning:

Glyph 51473 missing from current font.

/home/ubuntu/.local/lib/python3.9/site-packages/matplotlib/backends/backend_agg.py:203: RuntimeWarning:

Glyph 44277 missing from current font.

/home/ubuntu/.local/lib/python3.9/site-packages/matplotlib/backends/backend_agg.py:203: RuntimeWarning:

Glyph 50629 missing from current font.

/home/ubuntu/.local/lib/python3.9/site-packages/matplotlib/backends/backend_agg.py:240: RuntimeWarning:

Glyph 49340 missing from current font.

/home/ubuntu/.local/lib/python3.9/site-packages/matplotlib/backends/backend_agg.py:240: RuntimeWarning:

Glyph 49457 missing from current font.

/home/ubuntu/.local/lib/python3.9/site-packages/matplotlib/backends/backend_agg.py:240: RuntimeWarning:

Glyph 51228 missing from current font.

/home/ubuntu/.local/lib/python3.9/site-packages/matplotlib/backends/backend_agg.py:240: RuntimeWarning:

Glyph 50557 missing from current font.

/home/ubuntu/.local/lib/python3.9/site-packages/matplotlib/backends/backend_agg.py:203: RuntimeWarning:

Glyph 49340 missing from current font.

/home/ubuntu/.local/lib/python3.9/site-packages/matplotlib/backends/backend_agg.py:203: RuntimeWarning:

Glyph 49457 missing from current font.

/home/ubuntu/.local/lib/python3.9/site-packages/matplotlib/backends/backend_agg.py:203: RuntimeWarning:

Glyph 51228 missing from current font.

/home/ubuntu/.local/lib/python3.9/site-packages/matplotlib/backends/backend_agg.py:203: RuntimeWarning:

Glyph 50557 missing from current font.

/home/ubuntu/.local/lib/python3.9/site-packages/matplotlib/backends/backend_agg.py:240: RuntimeWarning:

Glyph 49888 missing from current font.

/home/ubuntu/.local/lib/python3.9/site-packages/matplotlib/backends/backend_agg.py:240: RuntimeWarning:

Glyph 51068 missing from current font.

/home/ubuntu/.local/lib/python3.9/site-packages/matplotlib/backends/backend_agg.py:240: RuntimeWarning:

Glyph 51228 missing from current font.

/home/ubuntu/.local/lib/python3.9/site-packages/matplotlib/backends/backend_agg.py:240: RuntimeWarning:

Glyph 50557 missing from current font.

/home/ubuntu/.local/lib/python3.9/site-packages/matplotlib/backends/backend_agg.py:203: RuntimeWarning:

Glyph 49888 missing from current font.

/home/ubuntu/.local/lib/python3.9/site-packages/matplotlib/backends/backend_agg.py:203: RuntimeWarning:

Glyph 51068 missing from current font.

/home/ubuntu/.local/lib/python3.9/site-packages/matplotlib/backends/backend_agg.py:203: RuntimeWarning:

Glyph 51228 missing from current font.

/home/ubuntu/.local/lib/python3.9/site-packages/matplotlib/backends/backend_agg.py:203: RuntimeWarning:

Glyph 50557 missing from current font.

/home/ubuntu/.local/lib/python3.9/site-packages/matplotlib/backends/backend_agg.py:240: RuntimeWarning:

Glyph 51652 missing from current font.

/home/ubuntu/.local/lib/python3.9/site-packages/matplotlib/backends/backend_agg.py:240: RuntimeWarning:

Glyph 47588 missing from current font.

/home/ubuntu/.local/lib/python3.9/site-packages/matplotlib/backends/backend_agg.py:240: RuntimeWarning:

Glyph 53944 missing from current font.

/home/ubuntu/.local/lib/python3.9/site-packages/matplotlib/backends/backend_agg.py:240: RuntimeWarning:

Glyph 47533 missing from current font.

/home/ubuntu/.local/lib/python3.9/site-packages/matplotlib/backends/backend_agg.py:240: RuntimeWarning:

Glyph 49828 missing from current font.

/home/ubuntu/.local/lib/python3.9/site-packages/matplotlib/backends/backend_agg.py:203: RuntimeWarning:

Glyph 51652 missing from current font.

/home/ubuntu/.local/lib/python3.9/site-packages/matplotlib/backends/backend_agg.py:203: RuntimeWarning:

Glyph 47588 missing from current font.

/home/ubuntu/.local/lib/python3.9/site-packages/matplotlib/backends/backend_agg.py:203: RuntimeWarning:

Glyph 53944 missing from current font.

/home/ubuntu/.local/lib/python3.9/site-packages/matplotlib/backends/backend_agg.py:203: RuntimeWarning:

Glyph 47533 missing from current font.

/home/ubuntu/.local/lib/python3.9/site-packages/matplotlib/backends/backend_agg.py:203: RuntimeWarning:

Glyph 49828 missing from current font.

/home/ubuntu/.local/lib/python3.9/site-packages/matplotlib/backends/backend_agg.py:240: RuntimeWarning:

Glyph 54788 missing from current font.

/home/ubuntu/.local/lib/python3.9/site-packages/matplotlib/backends/backend_agg.py:240: RuntimeWarning:

Glyph 45824 missing from current font.

/home/ubuntu/.local/lib/python3.9/site-packages/matplotlib/backends/backend_agg.py:240: RuntimeWarning:

Glyph 47784 missing from current font.

/home/ubuntu/.local/lib/python3.9/site-packages/matplotlib/backends/backend_agg.py:240: RuntimeWarning:

Glyph 48708 missing from current font.

/home/ubuntu/.local/lib/python3.9/site-packages/matplotlib/backends/backend_agg.py:240: RuntimeWarning:

Glyph 49828 missing from current font.

/home/ubuntu/.local/lib/python3.9/site-packages/matplotlib/backends/backend_agg.py:203: RuntimeWarning:

Glyph 54788 missing from current font.

/home/ubuntu/.local/lib/python3.9/site-packages/matplotlib/backends/backend_agg.py:203: RuntimeWarning:

Glyph 45824 missing from current font.

/home/ubuntu/.local/lib/python3.9/site-packages/matplotlib/backends/backend_agg.py:203: RuntimeWarning:

Glyph 47784 missing from current font.

/home/ubuntu/.local/lib/python3.9/site-packages/matplotlib/backends/backend_agg.py:203: RuntimeWarning:

Glyph 48708 missing from current font.

/home/ubuntu/.local/lib/python3.9/site-packages/matplotlib/backends/backend_agg.py:203: RuntimeWarning:

Glyph 49828 missing from current font.

/home/ubuntu/.local/lib/python3.9/site-packages/matplotlib/backends/backend_agg.py:240: RuntimeWarning:

Glyph 54788 missing from current font.

/home/ubuntu/.local/lib/python3.9/site-packages/matplotlib/backends/backend_agg.py:240: RuntimeWarning:

Glyph 45824 missing from current font.

/home/ubuntu/.local/lib/python3.9/site-packages/matplotlib/backends/backend_agg.py:240: RuntimeWarning:

Glyph 52264 missing from current font.

/home/ubuntu/.local/lib/python3.9/site-packages/matplotlib/backends/backend_agg.py:203: RuntimeWarning:

Glyph 54788 missing from current font.

/home/ubuntu/.local/lib/python3.9/site-packages/matplotlib/backends/backend_agg.py:203: RuntimeWarning:

Glyph 45824 missing from current font.

/home/ubuntu/.local/lib/python3.9/site-packages/matplotlib/backends/backend_agg.py:203: RuntimeWarning:

Glyph 52264 missing from current font.

No error handlers are registered, logging exception.
Traceback (most recent call last):
  File "/home/ubuntu/.local/lib/python3.9/site-packages/telegram/ext/dispatcher.py", line 555, in process_update
    handler.handle_update(update, self, check, context)
  File "/home/ubuntu/.local/lib/python3.9/site-packages/telegram/ext/handler.py", line 198, in handle_update
    return self.callback(update, context)
  File "/home/ubuntu/HA_telBot7.py", line 562, in get_command
    if bot[tp]['text'].split('@')[1] != myBotName :
IndexError: list index out of range
/home/ubuntu/.local/lib/python3.9/site-packages/matplotlib/backends/backend_agg.py:240: RuntimeWarning:

Glyph 54616 missing from current font.

/home/ubuntu/.local/lib/python3.9/site-packages/matplotlib/backends/backend_agg.py:240: RuntimeWarning:

Glyph 51060 missing from current font.

/home/ubuntu/.local/lib/python3.9/site-packages/matplotlib/backends/backend_agg.py:240: RuntimeWarning:

Glyph 53581 missing from current font.

/home/ubuntu/.local/lib/python3.9/site-packages/matplotlib/backends/backend_agg.py:203: RuntimeWarning:

Glyph 54616 missing from current font.

/home/ubuntu/.local/lib/python3.9/site-packages/matplotlib/backends/backend_agg.py:203: RuntimeWarning:

Glyph 51060 missing from current font.

/home/ubuntu/.local/lib/python3.9/site-packages/matplotlib/backends/backend_agg.py:203: RuntimeWarning:

Glyph 53581 missing from current font.

/home/ubuntu/.local/lib/python3.9/site-packages/matplotlib/backends/backend_agg.py:240: RuntimeWarning:

Glyph 51060 missing from current font.

/home/ubuntu/.local/lib/python3.9/site-packages/matplotlib/backends/backend_agg.py:240: RuntimeWarning:

Glyph 45432 missing from current font.

/home/ubuntu/.local/lib/python3.9/site-packages/matplotlib/backends/backend_agg.py:240: RuntimeWarning:

Glyph 50644 missing from current font.

/home/ubuntu/.local/lib/python3.9/site-packages/matplotlib/backends/backend_agg.py:203: RuntimeWarning:

Glyph 51060 missing from current font.

/home/ubuntu/.local/lib/python3.9/site-packages/matplotlib/backends/backend_agg.py:203: RuntimeWarning:

Glyph 45432 missing from current font.

/home/ubuntu/.local/lib/python3.9/site-packages/matplotlib/backends/backend_agg.py:203: RuntimeWarning:

Glyph 50644 missing from current font.

/home/ubuntu/.local/lib/python3.9/site-packages/matplotlib/backends/backend_agg.py:240: RuntimeWarning:

Glyph 46041 missing from current font.

/home/ubuntu/.local/lib/python3.9/site-packages/matplotlib/backends/backend_agg.py:240: RuntimeWarning:

Glyph 51068 missing from current font.

/home/ubuntu/.local/lib/python3.9/site-packages/matplotlib/backends/backend_agg.py:240: RuntimeWarning:

Glyph 44032 missing from current font.

/home/ubuntu/.local/lib/python3.9/site-packages/matplotlib/backends/backend_agg.py:240: RuntimeWarning:

Glyph 51473 missing from current font.

/home/ubuntu/.local/lib/python3.9/site-packages/matplotlib/backends/backend_agg.py:203: RuntimeWarning:

Glyph 46041 missing from current font.

/home/ubuntu/.local/lib/python3.9/site-packages/matplotlib/backends/backend_agg.py:203: RuntimeWarning:

Glyph 51068 missing from current font.

/home/ubuntu/.local/lib/python3.9/site-packages/matplotlib/backends/backend_agg.py:203: RuntimeWarning:

Glyph 44032 missing from current font.

/home/ubuntu/.local/lib/python3.9/site-packages/matplotlib/backends/backend_agg.py:203: RuntimeWarning:

Glyph 51473 missing from current font.

/home/ubuntu/.local/lib/python3.9/site-packages/matplotlib/backends/backend_agg.py:240: RuntimeWarning:

Glyph 48148 missing from current font.

/home/ubuntu/.local/lib/python3.9/site-packages/matplotlib/backends/backend_agg.py:240: RuntimeWarning:

Glyph 51060 missing from current font.

/home/ubuntu/.local/lib/python3.9/site-packages/matplotlib/backends/backend_agg.py:240: RuntimeWarning:

Glyph 50724 missing from current font.

/home/ubuntu/.local/lib/python3.9/site-packages/matplotlib/backends/backend_agg.py:203: RuntimeWarning:

Glyph 48148 missing from current font.

/home/ubuntu/.local/lib/python3.9/site-packages/matplotlib/backends/backend_agg.py:203: RuntimeWarning:

Glyph 51060 missing from current font.

/home/ubuntu/.local/lib/python3.9/site-packages/matplotlib/backends/backend_agg.py:203: RuntimeWarning:

Glyph 50724 missing from current font.

/home/ubuntu/.local/lib/python3.9/site-packages/matplotlib/backends/backend_agg.py:240: RuntimeWarning:

Glyph 51088 missing from current font.

/home/ubuntu/.local/lib/python3.9/site-packages/matplotlib/backends/backend_agg.py:240: RuntimeWarning:

Glyph 46041 missing from current font.

/home/ubuntu/.local/lib/python3.9/site-packages/matplotlib/backends/backend_agg.py:240: RuntimeWarning:

Glyph 52264 missing from current font.

/home/ubuntu/.local/lib/python3.9/site-packages/matplotlib/backends/backend_agg.py:203: RuntimeWarning:

Glyph 51088 missing from current font.

/home/ubuntu/.local/lib/python3.9/site-packages/matplotlib/backends/backend_agg.py:203: RuntimeWarning:

Glyph 46041 missing from current font.

/home/ubuntu/.local/lib/python3.9/site-packages/matplotlib/backends/backend_agg.py:203: RuntimeWarning:

Glyph 52264 missing from current font.

/home/ubuntu/.local/lib/python3.9/site-packages/matplotlib/backends/backend_agg.py:240: RuntimeWarning:

Glyph 45684 missing from current font.

/home/ubuntu/.local/lib/python3.9/site-packages/matplotlib/backends/backend_agg.py:240: RuntimeWarning:

Glyph 46364 missing from current font.

/home/ubuntu/.local/lib/python3.9/site-packages/matplotlib/backends/backend_agg.py:203: RuntimeWarning:

Glyph 45684 missing from current font.

/home/ubuntu/.local/lib/python3.9/site-packages/matplotlib/backends/backend_agg.py:203: RuntimeWarning:

Glyph 46364 missing from current font.

/home/ubuntu/.local/lib/python3.9/site-packages/matplotlib/backends/backend_agg.py:240: RuntimeWarning:

Glyph 50864 missing from current font.

/home/ubuntu/.local/lib/python3.9/site-packages/matplotlib/backends/backend_agg.py:240: RuntimeWarning:

Glyph 47049 missing from current font.

/home/ubuntu/.local/lib/python3.9/site-packages/matplotlib/backends/backend_agg.py:240: RuntimeWarning:

Glyph 44032 missing from current font.

/home/ubuntu/.local/lib/python3.9/site-packages/matplotlib/backends/backend_agg.py:240: RuntimeWarning:

Glyph 52824 missing from current font.

/home/ubuntu/.local/lib/python3.9/site-packages/matplotlib/backends/backend_agg.py:203: RuntimeWarning:

Glyph 50864 missing from current font.

/home/ubuntu/.local/lib/python3.9/site-packages/matplotlib/backends/backend_agg.py:203: RuntimeWarning:

Glyph 47049 missing from current font.

/home/ubuntu/.local/lib/python3.9/site-packages/matplotlib/backends/backend_agg.py:203: RuntimeWarning:

Glyph 44032 missing from current font.

/home/ubuntu/.local/lib/python3.9/site-packages/matplotlib/backends/backend_agg.py:203: RuntimeWarning:

Glyph 52824 missing from current font.

/home/ubuntu/.local/lib/python3.9/site-packages/matplotlib/backends/backend_agg.py:240: RuntimeWarning:

Glyph 44053 missing from current font.

/home/ubuntu/.local/lib/python3.9/site-packages/matplotlib/backends/backend_agg.py:240: RuntimeWarning:

Glyph 50896 missing from current font.

/home/ubuntu/.local/lib/python3.9/site-packages/matplotlib/backends/backend_agg.py:240: RuntimeWarning:

Glyph 47004 missing from current font.

/home/ubuntu/.local/lib/python3.9/site-packages/matplotlib/backends/backend_agg.py:240: RuntimeWarning:

Glyph 46300 missing from current font.

/home/ubuntu/.local/lib/python3.9/site-packages/matplotlib/backends/backend_agg.py:203: RuntimeWarning:

Glyph 44053 missing from current font.

/home/ubuntu/.local/lib/python3.9/site-packages/matplotlib/backends/backend_agg.py:203: RuntimeWarning:

Glyph 50896 missing from current font.

/home/ubuntu/.local/lib/python3.9/site-packages/matplotlib/backends/backend_agg.py:203: RuntimeWarning:

Glyph 47004 missing from current font.

/home/ubuntu/.local/lib/python3.9/site-packages/matplotlib/backends/backend_agg.py:203: RuntimeWarning:

Glyph 46300 missing from current font.

/home/ubuntu/.local/lib/python3.9/site-packages/matplotlib/backends/backend_agg.py:240: RuntimeWarning:

Glyph 44264 missing from current font.

/home/ubuntu/.local/lib/python3.9/site-packages/matplotlib/backends/backend_agg.py:240: RuntimeWarning:

Glyph 54532 missing from current font.

/home/ubuntu/.local/lib/python3.9/site-packages/matplotlib/backends/backend_agg.py:240: RuntimeWarning:

Glyph 51316 missing from current font.

/home/ubuntu/.local/lib/python3.9/site-packages/matplotlib/backends/backend_agg.py:203: RuntimeWarning:

Glyph 44264 missing from current font.

/home/ubuntu/.local/lib/python3.9/site-packages/matplotlib/backends/backend_agg.py:203: RuntimeWarning:

Glyph 54532 missing from current font.

/home/ubuntu/.local/lib/python3.9/site-packages/matplotlib/backends/backend_agg.py:203: RuntimeWarning:

Glyph 51316 missing from current font.

/home/ubuntu/.local/lib/python3.9/site-packages/matplotlib/backends/backend_agg.py:240: RuntimeWarning:

Glyph 46160 missing from current font.

/home/ubuntu/.local/lib/python3.9/site-packages/matplotlib/backends/backend_agg.py:240: RuntimeWarning:

Glyph 49328 missing from current font.

/home/ubuntu/.local/lib/python3.9/site-packages/matplotlib/backends/backend_agg.py:240: RuntimeWarning:

Glyph 51473 missing from current font.

/home/ubuntu/.local/lib/python3.9/site-packages/matplotlib/backends/backend_agg.py:240: RuntimeWarning:

Glyph 44277 missing from current font.

/home/ubuntu/.local/lib/python3.9/site-packages/matplotlib/backends/backend_agg.py:240: RuntimeWarning:

Glyph 50629 missing from current font.

/home/ubuntu/.local/lib/python3.9/site-packages/matplotlib/backends/backend_agg.py:203: RuntimeWarning:

Glyph 46160 missing from current font.

/home/ubuntu/.local/lib/python3.9/site-packages/matplotlib/backends/backend_agg.py:203: RuntimeWarning:

Glyph 49328 missing from current font.

/home/ubuntu/.local/lib/python3.9/site-packages/matplotlib/backends/backend_agg.py:203: RuntimeWarning:

Glyph 51473 missing from current font.

/home/ubuntu/.local/lib/python3.9/site-packages/matplotlib/backends/backend_agg.py:203: RuntimeWarning:

Glyph 44277 missing from current font.

/home/ubuntu/.local/lib/python3.9/site-packages/matplotlib/backends/backend_agg.py:203: RuntimeWarning:

Glyph 50629 missing from current font.

/home/ubuntu/.local/lib/python3.9/site-packages/matplotlib/backends/backend_agg.py:240: RuntimeWarning:

Glyph 49340 missing from current font.

/home/ubuntu/.local/lib/python3.9/site-packages/matplotlib/backends/backend_agg.py:240: RuntimeWarning:

Glyph 49457 missing from current font.

/home/ubuntu/.local/lib/python3.9/site-packages/matplotlib/backends/backend_agg.py:240: RuntimeWarning:

Glyph 51228 missing from current font.

/home/ubuntu/.local/lib/python3.9/site-packages/matplotlib/backends/backend_agg.py:240: RuntimeWarning:

Glyph 50557 missing from current font.

/home/ubuntu/.local/lib/python3.9/site-packages/matplotlib/backends/backend_agg.py:203: RuntimeWarning:

Glyph 49340 missing from current font.

/home/ubuntu/.local/lib/python3.9/site-packages/matplotlib/backends/backend_agg.py:203: RuntimeWarning:

Glyph 49457 missing from current font.

/home/ubuntu/.local/lib/python3.9/site-packages/matplotlib/backends/backend_agg.py:203: RuntimeWarning:

Glyph 51228 missing from current font.

/home/ubuntu/.local/lib/python3.9/site-packages/matplotlib/backends/backend_agg.py:203: RuntimeWarning:

Glyph 50557 missing from current font.

/home/ubuntu/.local/lib/python3.9/site-packages/matplotlib/backends/backend_agg.py:240: RuntimeWarning:

Glyph 49888 missing from current font.

/home/ubuntu/.local/lib/python3.9/site-packages/matplotlib/backends/backend_agg.py:240: RuntimeWarning:

Glyph 51068 missing from current font.

/home/ubuntu/.local/lib/python3.9/site-packages/matplotlib/backends/backend_agg.py:240: RuntimeWarning:

Glyph 51228 missing from current font.

/home/ubuntu/.local/lib/python3.9/site-packages/matplotlib/backends/backend_agg.py:240: RuntimeWarning:

Glyph 50557 missing from current font.

/home/ubuntu/.local/lib/python3.9/site-packages/matplotlib/backends/backend_agg.py:203: RuntimeWarning:

Glyph 49888 missing from current font.

/home/ubuntu/.local/lib/python3.9/site-packages/matplotlib/backends/backend_agg.py:203: RuntimeWarning:

Glyph 51068 missing from current font.

/home/ubuntu/.local/lib/python3.9/site-packages/matplotlib/backends/backend_agg.py:203: RuntimeWarning:

Glyph 51228 missing from current font.

/home/ubuntu/.local/lib/python3.9/site-packages/matplotlib/backends/backend_agg.py:203: RuntimeWarning:

Glyph 50557 missing from current font.

쓰레딩이이잉
get_name  업데이트 완료 : 사용법은 /HELP
        
[VERSION]        
 1.1.1 채널, 그룹 정리        
 1.1.0 명령어 수정        

바이낸스, 업비트 비트코인, 이더리움 HA 추세전환 알림        
채팅방        
HA 추세전환 알림 한국, 미국 주식        
바이낸스 비트코인 종합시그널        
앤톡 새글 알리미        
네이버 뉴스 알리미
뉴스 기사 크롤링이 시작 되었습니다
뉴스 기사 크롤링이 시작 되었습니다
뉴스 기사 크롤링이 시작 되었습니다
get_name  AOA (워뇨띠) 현재 포지션 : SHORT⬇️
업데이트 시간 : 2021-08-12 21:06:02
HTTPS://KIMPYA.SITE/PAGE/READERBOARD.PHP
뉴스 기사 크롤링이 시작 되었습니다
BGF
CJ CGV
CJ ENM
CJ대한통운
CJ제일제당
DB하이텍
F&F
HK이노엔
HMM
JYP Ent.
KBSTAR Fn수소경제테마
KG ETS
KODEX 200
KODEX 200 중소형
KODEX 200ESG
KODEX 200동일가중
KODEX 바이오
KODEX 자동차
KT
LG디스플레이
LG전자
LG화학
NAVER
SK바이오사이언스
SK이노베이션
SK케미칼
SK하이닉스
TIGER KRX BBIG K-뉴딜
TIGER KRX2차전지K-뉴딜
TIGER KRX바이오K-뉴딜
TIGER TOP10
TIGER 경기방어
TIGER 금은선물(H)
TIGER 여행레저
TIGER 우량가치
강원랜드
고려신용정보
골프존
기아
네비게이터 친환경자동차밸류체인액티브
다날
대교
대원미디어
대한항공
더네이쳐홀딩스
데브시스터즈
두산중공업
두산퓨얼셀
롯데칠성
빙그레
삼성SDI
삼성바이오로직스
삼성에스디에스
삼성엔지니어링
삼성전자
삼성제약
서린바이오
셀트리온
셀트리온제약
셀트리온헬스케어
스튜디오드래곤
신세계
신일제약
신풍제약
씨에스베어링
씨에스윈드
씨젠
아이진
에스디바이오센서
에스엠
와이엔텍
와이지엔터테인먼트
용평리조트
우리바이오
위메이드
이마트
진매트릭스
천보
카카오
카카오뱅크
코오롱인더
펄어비스
프로스테믹스
하이브
한국전력
한미반도체
한전KPS
한화솔루션
현대모비스
현대바이오
현대차
휴마시스
뉴스 기사 크롤링이 시작 되었습니다
뉴스 기사 크롤링이 시작 되었습니다
뉴스 기사 크롤링이 시작 되었습니다
get command : /BTC
get_name  CANCEL
get command : /ETH
get_name  BINANCE.
get_name  1H
1h
ETH/USDT
                        open     high  ...  senkouSpanB  chikouSpan
datetime                               ...                         
2021-08-09 03:00:00  2946.94  2965.97  ...          NaN     3114.00
2021-08-09 04:00:00  2949.91  2964.07  ...          NaN     3124.11
2021-08-09 05:00:00  2957.76  2966.95  ...          NaN     3144.57
2021-08-09 06:00:00  2936.21  2943.12  ...          NaN     3165.74
2021-08-09 07:00:00  2924.35  2956.57  ...          NaN     3146.82
...                      ...      ...  ...          ...         ...
2021-08-13 02:00:00  3087.99  3144.14  ...      3158.40         NaN
2021-08-13 03:00:00  3131.95  3138.94  ...      3166.51         NaN
2021-08-13 04:00:00  3117.46  3130.31  ...      3166.51         NaN
2021-08-13 05:00:00  3120.65  3147.77  ...      3166.51         NaN
2021-08-13 06:00:00  3130.85  3137.50  ...      3166.51         NaN

[100 rows x 28 columns]
뉴스 기사 크롤링이 시작 되었습니다
get command : /HA
get_name  HA 알림추가
추가할 종목의 이름 or 티커를 입력해주세요
get_name  카카오뱅크
카카오뱅크 : 이미 HA 목록에 있습니다
get command : /HA
get_name  HA 알림목록
ha 관심 목록 조회
get command : /HA
get_name  HA 목록삭제
추가할 종목의 이름 or 티커를 입력해주세요
get_name  대교
대교 : HA 목록에서 삭제했습니다.
뉴스 기사 크롤링이 시작 되었습니다
뉴스 기사 크롤링이 시작 되었습니다
뉴스 기사 크롤링이 시작 되었습니다
뉴스 기사 크롤링이 시작 되었습니다
뉴스 기사 크롤링이 시작 되었습니다
뉴스 기사 크롤링이 시작 되었습니다
get command : /JISU
get_name  환율
뉴스 기사 크롤링이 시작 되었습니다
뉴스 기사 크롤링이 시작 되었습니다
뉴스 기사 크롤링이 시작 되었습니다
뉴스 기사 크롤링이 시작 되었습니다
뉴스 기사 크롤링이 시작 되었습니다
뉴스 기사 크롤링이 시작 되었습니다
get command : /SHOWCHART
get_name  SK하이닉스
뉴스 기사 크롤링이 시작 되었습니다
뉴스 기사 크롤링이 시작 되었습니다
AAPL
ABNB
ADBE
ADSK
AMD
AMZN
ASML
ATVI
AXP
BA
BAC
BLK
BRK
CCL
COIN
CPNG
CRWD
DD
DIS
DISCK
DOW
DPZ
F
FB
FITB
GLW
GM
GOOGL
GPS
GS
INTC
IRM
JNJ
JPM
KEY
KO
LMT
MET
MO
MRK
MRNA
MSFT
MU
NEM
NET
NFLX
NKE
NVDA
O
ODP
ORCL
PFE
PINS
PLD
PVH
PYPL
QCOM
RBLX
REAL
RL
SHOP
SNAP
SNOW
SNY
SPCE
TSLA
TSM
TWTR
U
UAL
UBER
V
VFC
VIAC
Z
ZM
뉴스 기사 크롤링이 시작 되었습니다
뉴스 기사 크롤링이 시작 되었습니다
뉴스 기사 크롤링이 시작 되었습니다
뉴스 기사 크롤링이 시작 되었습니다
뉴스 기사 크롤링이 시작 되었습니다
뉴스 기사 크롤링이 시작 되었습니다
뉴스 기사 크롤링이 시작 되었습니다
뉴스 기사 크롤링이 시작 되었습니다
뉴스 기사 크롤링이 시작 되었습니다
뉴스 기사 크롤링이 시작 되었습니다
뉴스 기사 크롤링이 시작 되었습니다
뉴스 기사 크롤링이 시작 되었습니다
뉴스 기사 크롤링이 시작 되었습니다
뉴스 기사 크롤링이 시작 되었습니다
뉴스 기사 크롤링이 시작 되었습니다
뉴스 기사 크롤링이 시작 되었습니다
뉴스 기사 크롤링이 시작 되었습니다
뉴스 기사 크롤링이 시작 되었습니다
뉴스 기사 크롤링이 시작 되었습니다
뉴스 기사 크롤링이 시작 되었습니다
뉴스 기사 크롤링이 시작 되었습니다
뉴스 기사 크롤링이 시작 되었습니다
뉴스 기사 크롤링이 시작 되었습니다
뉴스 기사 크롤링이 시작 되었습니다
뉴스 기사 크롤링이 시작 되었습니다
뉴스 기사 크롤링이 시작 되었습니다
뉴스 기사 크롤링이 시작 되었습니다
뉴스 기사 크롤링이 시작 되었습니다
뉴스 기사 크롤링이 시작 되었습니다
뉴스 기사 크롤링이 시작 되었습니다
뉴스 기사 크롤링이 시작 되었습니다
뉴스 기사 크롤링이 시작 되었습니다
get command : /HA
get_name  HA 알림목록
ha 관심 목록 조회
get command : /HA
get_name  취소
get command : /SHOWCHART
get_name  KEY
KeyCorp
get command : /SHOWCHART
get_name  FITB
Fifth Third Bancorp
뉴스 기사 크롤링이 시작 되었습니다
뉴스 기사 크롤링이 시작 되었습니다
뉴스 기사 크롤링이 시작 되었습니다
뉴스 기사 크롤링이 시작 되었습니다
뉴스 기사 크롤링이 시작 되었습니다
뉴스 기사 크롤링이 시작 되었습니다
뉴스 기사 크롤링이 시작 되었습니다
뉴스 기사 크롤링이 시작 되었습니다
뉴스 기사 크롤링이 시작 되었습니다
뉴스 기사 크롤링이 시작 되었습니다
BGF
CJ CGV
CJ ENM
CJ대한통운
CJ제일제당
DB하이텍
F&F
HK이노엔
HMM
JYP Ent.
KBSTAR Fn수소경제테마
KG ETS
KODEX 200
KODEX 200 중소형
KODEX 200ESG
KODEX 200동일가중
KODEX 바이오
KODEX 자동차
KT
LG디스플레이
LG전자
LG화학
NAVER
SK바이오사이언스
SK이노베이션
SK케미칼
SK하이닉스
TIGER KRX BBIG K-뉴딜
TIGER KRX2차전지K-뉴딜
TIGER KRX바이오K-뉴딜
TIGER TOP10
TIGER 경기방어
TIGER 금은선물(H)
TIGER 여행레저
TIGER 우량가치
강원랜드
고려신용정보
골프존
기아
네비게이터 친환경자동차밸류체인액티브
다날
대원미디어
대한항공
더네이쳐홀딩스
데브시스터즈
두산중공업
두산퓨얼셀
롯데칠성
빙그레
삼성SDI
삼성바이오로직스
삼성에스디에스
삼성엔지니어링
삼성전자
삼성제약
서린바이오
셀트리온
셀트리온제약
셀트리온헬스케어
스튜디오드래곤
신세계
신일제약
신풍제약
씨에스베어링
/home/ubuntu/.local/lib/python3.9/site-packages/matplotlib/backends/backend_agg.py:240: RuntimeWarning:

Glyph 51652 missing from current font.

/home/ubuntu/.local/lib/python3.9/site-packages/matplotlib/backends/backend_agg.py:240: RuntimeWarning:

Glyph 47588 missing from current font.

/home/ubuntu/.local/lib/python3.9/site-packages/matplotlib/backends/backend_agg.py:240: RuntimeWarning:

Glyph 53944 missing from current font.

/home/ubuntu/.local/lib/python3.9/site-packages/matplotlib/backends/backend_agg.py:240: RuntimeWarning:

Glyph 47533 missing from current font.

/home/ubuntu/.local/lib/python3.9/site-packages/matplotlib/backends/backend_agg.py:240: RuntimeWarning:

Glyph 49828 missing from current font.

/home/ubuntu/.local/lib/python3.9/site-packages/matplotlib/backends/backend_agg.py:203: RuntimeWarning:

Glyph 51652 missing from current font.

/home/ubuntu/.local/lib/python3.9/site-packages/matplotlib/backends/backend_agg.py:203: RuntimeWarning:

Glyph 47588 missing from current font.

/home/ubuntu/.local/lib/python3.9/site-packages/matplotlib/backends/backend_agg.py:203: RuntimeWarning:

Glyph 53944 missing from current font.

/home/ubuntu/.local/lib/python3.9/site-packages/matplotlib/backends/backend_agg.py:203: RuntimeWarning:

Glyph 47533 missing from current font.

/home/ubuntu/.local/lib/python3.9/site-packages/matplotlib/backends/backend_agg.py:203: RuntimeWarning:

Glyph 49828 missing from current font.

/home/ubuntu/.local/lib/python3.9/site-packages/matplotlib/backends/backend_agg.py:240: RuntimeWarning:

Glyph 54788 missing from current font.

/home/ubuntu/.local/lib/python3.9/site-packages/matplotlib/backends/backend_agg.py:240: RuntimeWarning:

Glyph 45824 missing from current font.

/home/ubuntu/.local/lib/python3.9/site-packages/matplotlib/backends/backend_agg.py:240: RuntimeWarning:

Glyph 47784 missing from current font.

/home/ubuntu/.local/lib/python3.9/site-packages/matplotlib/backends/backend_agg.py:240: RuntimeWarning:

Glyph 48708 missing from current font.

/home/ubuntu/.local/lib/python3.9/site-packages/matplotlib/backends/backend_agg.py:240: RuntimeWarning:

Glyph 49828 missing from current font.

/home/ubuntu/.local/lib/python3.9/site-packages/matplotlib/backends/backend_agg.py:203: RuntimeWarning:

Glyph 54788 missing from current font.

/home/ubuntu/.local/lib/python3.9/site-packages/matplotlib/backends/backend_agg.py:203: RuntimeWarning:

Glyph 45824 missing from current font.

/home/ubuntu/.local/lib/python3.9/site-packages/matplotlib/backends/backend_agg.py:203: RuntimeWarning:

Glyph 47784 missing from current font.

/home/ubuntu/.local/lib/python3.9/site-packages/matplotlib/backends/backend_agg.py:203: RuntimeWarning:

Glyph 48708 missing from current font.

/home/ubuntu/.local/lib/python3.9/site-packages/matplotlib/backends/backend_agg.py:203: RuntimeWarning:

Glyph 49828 missing from current font.

/home/ubuntu/.local/lib/python3.9/site-packages/matplotlib/backends/backend_agg.py:240: RuntimeWarning:

Glyph 54788 missing from current font.

/home/ubuntu/.local/lib/python3.9/site-packages/matplotlib/backends/backend_agg.py:240: RuntimeWarning:

Glyph 45824 missing from current font.

/home/ubuntu/.local/lib/python3.9/site-packages/matplotlib/backends/backend_agg.py:240: RuntimeWarning:

Glyph 52264 missing from current font.

/home/ubuntu/.local/lib/python3.9/site-packages/matplotlib/backends/backend_agg.py:203: RuntimeWarning:

Glyph 54788 missing from current font.

/home/ubuntu/.local/lib/python3.9/site-packages/matplotlib/backends/backend_agg.py:203: RuntimeWarning:

Glyph 45824 missing from current font.

/home/ubuntu/.local/lib/python3.9/site-packages/matplotlib/backends/backend_agg.py:203: RuntimeWarning:

Glyph 52264 missing from current font.

씨에스윈드
씨젠
아이진
에스디바이오센서
에스엠
와이엔텍
와이지엔터테인먼트
용평리조트
우리바이오
위메이드
이마트
진매트릭스
천보
카카오
카카오뱅크
코오롱인더
펄어비스
프로스테믹스
하이브
한국전력
한미반도체
한전KPS
한화솔루션
현대모비스
현대바이오
현대차
휴마시스
뉴스 기사 크롤링이 시작 되었습니다
뉴스 기사 크롤링이 시작 되었습니다
뉴스 기사 크롤링이 시작 되었습니다
뉴스 기사 크롤링이 시작 되었습니다
뉴스 기사 크롤링이 시작 되었습니다
뉴스 기사 크롤링이 시작 되었습니다
뉴스 기사 크롤링이 시작 되었습니다
뉴스 기사 크롤링이 시작 되었습니다
뉴스 기사 크롤링이 시작 되었습니다
뉴스 기사 크롤링이 시작 되었습니다
뉴스 기사 크롤링이 시작 되었습니다
뉴스 기사 크롤링이 시작 되었습니다
뉴스 기사 크롤링이 시작 되었습니다
뉴스 기사 크롤링이 시작 되었습니다
뉴스 기사 크롤링이 시작 되었습니다
뉴스 기사 크롤링이 시작 되었습니다
get command : /HA
get_name  HA 목록삭제
추가할 종목의 이름 or 티커를 입력해주세요
get_name  두산중공업
두산중공업 : HA 목록에서 삭제했습니다.
get command : /NEWS
get_name  뉴스삭제
get_name  두산중공업
두산중공업 : 목록에 있습니다. 삭제합니다.
뉴스 기사 크롤링이 시작 되었습니다
뉴스 기사 크롤링이 시작 되었습니다
뉴스 기사 크롤링이 시작 되었습니다
뉴스 기사 크롤링이 시작 되었습니다
뉴스 기사 크롤링이 시작 되었습니다
뉴스 기사 크롤링이 시작 되었습니다
뉴스 기사 크롤링이 시작 되었습니다
get_name  AOA (워뇨띠) 현재 포지션 : LONG⬆️
업데이트 시간 : 2021-08-13 21:15:03
HTTPS://KIMPYA.SITE/PAGE/READERBOARD.PHP
뉴스 기사 크롤링이 시작 되었습니다
뉴스 기사 크롤링이 시작 되었습니다
뉴스 기사 크롤링이 시작 되었습니다
뉴스 기사 크롤링이 시작 되었습니다
뉴스 기사 크롤링이 시작 되었습니다
뉴스 기사 크롤링이 시작 되었습니다
뉴스 기사 크롤링이 시작 되었습니다
AAPL
ABNB
ADBE
ADSK
AMD
AMZN
ASML
ATVI
AXP
BA
BAC
BLK
BRK
CCL
COIN
CPNG
CRWD
DD
DIS
DISCK
DOW
DPZ
F
FB
FITB
GLW
GM
GOOGL
GPS
GS
INTC
IRM
JNJ
JPM
KEY
KO
LMT
MET
MO
MRK
MRNA
MSFT
MU
NEM
NET
NFLX
NKE
NVDA
O
ODP
ORCL
PFE
PINS
PLD
PVH
PYPL
QCOM
RBLX
REAL
RL
SHOP
SNAP
SNOW
SNY
SPCE
TSLA
TSM
TWTR
U
UAL
UBER
V
VFC
VIAC
Z
ZM
뉴스 기사 크롤링이 시작 되었습니다
뉴스 기사 크롤링이 시작 되었습니다
뉴스 기사 크롤링이 시작 되었습니다
뉴스 기사 크롤링이 시작 되었습니다
뉴스 기사 크롤링이 시작 되었습니다
get command : /HA
get_name  HA 목록삭제
추가할 종목의 이름 or 티커를 입력해주세요
get_name  VFC
VFC : HA 목록에서 삭제했습니다.
뉴스 기사 크롤링이 시작 되었습니다
뉴스 기사 크롤링이 시작 되었습니다
뉴스 기사 크롤링이 시작 되었습니다
뉴스 기사 크롤링이 시작 되었습니다
뉴스 기사 크롤링이 시작 되었습니다
뉴스 기사 크롤링이 시작 되었습니다
뉴스 기사 크롤링이 시작 되었습니다
뉴스 기사 크롤링이 시작 되었습니다
뉴스 기사 크롤링이 시작 되었습니다
뉴스 기사 크롤링이 시작 되었습니다
뉴스 기사 크롤링이 시작 되었습니다
get_name  내일(8.14.) 🌙 오후 강수확률: 60% 구름많고 가끔 소나기
토(8.21.) 🌞 오전 강수확률: 60% 흐리고 비 🌦
토(8.21.) 🌙 오후 강수확률: 60% 흐리고 비 🌦
일(8.22.) 🌞 오전 강수확률: 60% 흐리고 비 🌦
일(8.22.) 🌙 오후 강수확률: 60% 흐리고 비 🌦
월(8.23.) 🌞 오전 강수확률: 60% 흐리고 비 🌦
월(8.23.) 🌙 오후 강수확률: 60% 흐리고 비 🌦
뉴스 기사 크롤링이 시작 되었습니다
뉴스 기사 크롤링이 시작 되었습니다
뉴스 기사 크롤링이 시작 되었습니다
뉴스 기사 크롤링이 시작 되었습니다
뉴스 기사 크롤링이 시작 되었습니다
뉴스 기사 크롤링이 시작 되었습니다
뉴스 기사 크롤링이 시작 되었습니다
뉴스 기사 크롤링이 시작 되었습니다
뉴스 기사 크롤링이 시작 되었습니다
뉴스 기사 크롤링이 시작 되었습니다
뉴스 기사 크롤링이 시작 되었습니다
뉴스 기사 크롤링이 시작 되었습니다
뉴스 기사 크롤링이 시작 되었습니다
뉴스 기사 크롤링이 시작 되었습니다
뉴스 기사 크롤링이 시작 되었습니다
뉴스 기사 크롤링이 시작 되었습니다
뉴스 기사 크롤링이 시작 되었습니다
뉴스 기사 크롤링이 시작 되었습니다
뉴스 기사 크롤링이 시작 되었습니다
뉴스 기사 크롤링이 시작 되었습니다
뉴스 기사 크롤링이 시작 되었습니다
뉴스 기사 크롤링이 시작 되었습니다
뉴스 기사 크롤링이 시작 되었습니다
뉴스 기사 크롤링이 시작 되었습니다
뉴스 기사 크롤링이 시작 되었습니다
뉴스 기사 크롤링이 시작 되었습니다
뉴스 기사 크롤링이 시작 되었습니다
뉴스 기사 크롤링이 시작 되었습니다
뉴스 기사 크롤링이 시작 되었습니다
뉴스 기사 크롤링이 시작 되었습니다
뉴스 기사 크롤링이 시작 되었습니다
뉴스 기사 크롤링이 시작 되었습니다
뉴스 기사 크롤링이 시작 되었습니다
뉴스 기사 크롤링이 시작 되었습니다
뉴스 기사 크롤링이 시작 되었습니다
뉴스 기사 크롤링이 시작 되었습니다
뉴스 기사 크롤링이 시작 되었습니다
뉴스 기사 크롤링이 시작 되었습니다
뉴스 기사 크롤링이 시작 되었습니다
뉴스 기사 크롤링이 시작 되었습니다
뉴스 기사 크롤링이 시작 되었습니다
뉴스 기사 크롤링이 시작 되었습니다
뉴스 기사 크롤링이 시작 되었습니다
뉴스 기사 크롤링이 시작 되었습니다
뉴스 기사 크롤링이 시작 되었습니다
뉴스 기사 크롤링이 시작 되었습니다
뉴스 기사 크롤링이 시작 되었습니다
뉴스 기사 크롤링이 시작 되었습니다
뉴스 기사 크롤링이 시작 되었습니다
뉴스 기사 크롤링이 시작 되었습니다
뉴스 기사 크롤링이 시작 되었습니다
뉴스 기사 크롤링이 시작 되었습니다
뉴스 기사 크롤링이 시작 되었습니다
뉴스 기사 크롤링이 시작 되었습니다
뉴스 기사 크롤링이 시작 되었습니다
뉴스 기사 크롤링이 시작 되었습니다
뉴스 기사 크롤링이 시작 되었습니다
뉴스 기사 크롤링이 시작 되었습니다
뉴스 기사 크롤링이 시작 되었습니다
뉴스 기사 크롤링이 시작 되었습니다
뉴스 기사 크롤링이 시작 되었습니다
뉴스 기사 크롤링이 시작 되었습니다
뉴스 기사 크롤링이 시작 되었습니다
뉴스 기사 크롤링이 시작 되었습니다
뉴스 기사 크롤링이 시작 되었습니다
뉴스 기사 크롤링이 시작 되었습니다
뉴스 기사 크롤링이 시작 되었습니다
뉴스 기사 크롤링이 시작 되었습니다
뉴스 기사 크롤링이 시작 되었습니다
뉴스 기사 크롤링이 시작 되었습니다
뉴스 기사 크롤링이 시작 되었습니다
뉴스 기사 크롤링이 시작 되었습니다
뉴스 기사 크롤링이 시작 되었습니다
뉴스 기사 크롤링이 시작 되었습니다
뉴스 기사 크롤링이 시작 되었습니다
뉴스 기사 크롤링이 시작 되었습니다
뉴스 기사 크롤링이 시작 되었습니다
뉴스 기사 크롤링이 시작 되었습니다
뉴스 기사 크롤링이 시작 되었습니다
뉴스 기사 크롤링이 시작 되었습니다
뉴스 기사 크롤링이 시작 되었습니다
뉴스 기사 크롤링이 시작 되었습니다
Error while getting Updates: urllib3 HTTPError ('Connection aborted.', ConnectionResetError(104, 'Connection reset by peer'))
No error handlers are registered, logging exception.
Traceback (most recent call last):
  File "/home/ubuntu/.local/lib/python3.9/site-packages/telegram/vendor/ptb_urllib3/urllib3/connectionpool.py", line 614, in urlopen
    httplib_response = self._make_request(conn, method, url,
  File "/home/ubuntu/.local/lib/python3.9/site-packages/telegram/vendor/ptb_urllib3/urllib3/connectionpool.py", line 402, in _make_request
    six.raise_from(e, None)
  File "<string>", line 2, in raise_from
  File "/home/ubuntu/.local/lib/python3.9/site-packages/telegram/vendor/ptb_urllib3/urllib3/connectionpool.py", line 398, in _make_request
    httplib_response = conn.getresponse()
  File "/usr/lib/python3.9/http/client.py", line 1345, in getresponse
    response.begin()
  File "/usr/lib/python3.9/http/client.py", line 307, in begin
    version, status, reason = self._read_status()
  File "/usr/lib/python3.9/http/client.py", line 268, in _read_status
    line = str(self.fp.readline(_MAXLINE + 1), "iso-8859-1")
  File "/usr/lib/python3.9/socket.py", line 704, in readinto
    return self._sock.recv_into(b)
  File "/usr/lib/python3.9/ssl.py", line 1241, in recv_into
    return self.read(nbytes, buffer)
  File "/usr/lib/python3.9/ssl.py", line 1099, in read
    return self._sslobj.read(len, buffer)
ConnectionResetError: [Errno 104] Connection reset by peer

During handling of the above exception, another exception occurred:

Traceback (most recent call last):
  File "/home/ubuntu/.local/lib/python3.9/site-packages/telegram/utils/request.py", line 259, in _request_wrapper
    resp = self._con_pool.request(*args, **kwargs)
  File "/home/ubuntu/.local/lib/python3.9/site-packages/telegram/vendor/ptb_urllib3/urllib3/request.py", line 68, in request
    return self.request_encode_body(method, url, fields=fields,
  File "/home/ubuntu/.local/lib/python3.9/site-packages/telegram/vendor/ptb_urllib3/urllib3/request.py", line 148, in request_encode_body
    return self.urlopen(method, url, **extra_kw)
  File "/home/ubuntu/.local/lib/python3.9/site-packages/telegram/vendor/ptb_urllib3/urllib3/poolmanager.py", line 244, in urlopen
    response = conn.urlopen(method, u.request_uri, **kw)
  File "/home/ubuntu/.local/lib/python3.9/site-packages/telegram/vendor/ptb_urllib3/urllib3/connectionpool.py", line 665, in urlopen
    retries = retries.increment(method, url, error=e, _pool=self,
  File "/home/ubuntu/.local/lib/python3.9/site-packages/telegram/vendor/ptb_urllib3/urllib3/util/retry.py", line 347, in increment
    raise six.reraise(type(error), error, _stacktrace)
  File "/home/ubuntu/.local/lib/python3.9/site-packages/telegram/vendor/ptb_urllib3/urllib3/packages/six.py", line 685, in reraise
    raise value.with_traceback(tb)
  File "/home/ubuntu/.local/lib/python3.9/site-packages/telegram/vendor/ptb_urllib3/urllib3/connectionpool.py", line 614, in urlopen
    httplib_response = self._make_request(conn, method, url,
  File "/home/ubuntu/.local/lib/python3.9/site-packages/telegram/vendor/ptb_urllib3/urllib3/connectionpool.py", line 402, in _make_request
    six.raise_from(e, None)
  File "<string>", line 2, in raise_from
  File "/home/ubuntu/.local/lib/python3.9/site-packages/telegram/vendor/ptb_urllib3/urllib3/connectionpool.py", line 398, in _make_request
    httplib_response = conn.getresponse()
  File "/usr/lib/python3.9/http/client.py", line 1345, in getresponse
    response.begin()
  File "/usr/lib/python3.9/http/client.py", line 307, in begin
    version, status, reason = self._read_status()
  File "/usr/lib/python3.9/http/client.py", line 268, in _read_status
    line = str(self.fp.readline(_MAXLINE + 1), "iso-8859-1")
  File "/usr/lib/python3.9/socket.py", line 704, in readinto
    return self._sock.recv_into(b)
  File "/usr/lib/python3.9/ssl.py", line 1241, in recv_into
    return self.read(nbytes, buffer)
  File "/usr/lib/python3.9/ssl.py", line 1099, in read
    return self._sslobj.read(len, buffer)
telegram.vendor.ptb_urllib3.urllib3.exceptions.ProtocolError: ('Connection aborted.', ConnectionResetError(104, 'Connection reset by peer'))

The above exception was the direct cause of the following exception:

Traceback (most recent call last):
  File "/home/ubuntu/.local/lib/python3.9/site-packages/telegram/ext/updater.py", line 646, in _network_loop_retry
    if not action_cb():
  File "/home/ubuntu/.local/lib/python3.9/site-packages/telegram/ext/updater.py", line 597, in polling_action_cb
    updates = self.bot.get_updates(
  File "/home/ubuntu/.local/lib/python3.9/site-packages/telegram/ext/extbot.py", line 222, in get_updates
    updates = super().get_updates(
  File "/home/ubuntu/.local/lib/python3.9/site-packages/telegram/bot.py", line 130, in decorator
    result = func(*args, **kwargs)
  File "/home/ubuntu/.local/lib/python3.9/site-packages/telegram/bot.py", line 2861, in get_updates
    self._post(
  File "/home/ubuntu/.local/lib/python3.9/site-packages/telegram/bot.py", line 295, in _post
    return self.request.post(
  File "/home/ubuntu/.local/lib/python3.9/site-packages/telegram/utils/request.py", line 356, in post
    result = self._request_wrapper(
  File "/home/ubuntu/.local/lib/python3.9/site-packages/telegram/utils/request.py", line 265, in _request_wrapper
    raise NetworkError(f'urllib3 HTTPError {error}') from error
telegram.error.NetworkError: urllib3 HTTPError ('Connection aborted.', ConnectionResetError(104, 'Connection reset by peer'))
