/home/ubuntu/.local/lib/python3.9/site-packages/FinanceDataReader/wikipedia/listing.py:13: FutureWarning:

The default value of regex will change from True to False in a future version.

  0%|          | 0/4039 [00:00<?, ?it/s]  1%|â–         | 60/4039 [00:00<00:39, 99.57it/s]  3%|â–Ž         | 120/4039 [00:00<00:20, 191.46it/s]  6%|â–Œ         | 240/4039 [00:00<00:10, 360.76it/s]  7%|â–‹         | 300/4039 [00:01<00:10, 372.48it/s] 10%|â–ˆ         | 420/4039 [00:01<00:07, 471.66it/s] 13%|â–ˆâ–Ž        | 540/4039 [00:01<00:06, 536.40it/s] 15%|â–ˆâ–        | 600/4039 [00:01<00:06, 531.08it/s] 18%|â–ˆâ–Š        | 720/4039 [00:01<00:05, 576.11it/s] 21%|â–ˆâ–ˆ        | 840/4039 [00:01<00:05, 625.43it/s] 24%|â–ˆâ–ˆâ–       | 960/4039 [00:02<00:04, 630.53it/s] 27%|â–ˆâ–ˆâ–‹       | 1080/4039 [00:02<00:04, 620.81it/s] 30%|â–ˆâ–ˆâ–‰       | 1200/4039 [00:02<00:04, 638.36it/s] 33%|â–ˆâ–ˆâ–ˆâ–Ž      | 1320/4039 [00:02<00:04, 640.48it/s] 36%|â–ˆâ–ˆâ–ˆâ–Œ      | 1440/4039 [00:02<00:04, 591.10it/s] 39%|â–ˆâ–ˆâ–ˆâ–Š      | 1560/4039 [00:03<00:04, 562.86it/s] 40%|â–ˆâ–ˆâ–ˆâ–ˆ      | 1620/4039 [00:03<00:04, 563.99it/s] 42%|â–ˆâ–ˆâ–ˆâ–ˆâ–     | 1680/4039 [00:03<00:04, 542.53it/s] 45%|â–ˆâ–ˆâ–ˆâ–ˆâ–     | 1800/4039 [00:03<00:04, 549.08it/s] 46%|â–ˆâ–ˆâ–ˆâ–ˆâ–Œ     | 1860/4039 [00:03<00:04, 522.77it/s] 48%|â–ˆâ–ˆâ–ˆâ–ˆâ–Š     | 1920/4039 [00:03<00:04, 490.01it/s] 49%|â–ˆâ–ˆâ–ˆâ–ˆâ–‰     | 1980/4039 [00:03<00:04, 495.76it/s] 51%|â–ˆâ–ˆâ–ˆâ–ˆâ–ˆ     | 2040/4039 [00:04<00:04, 473.67it/s] 52%|â–ˆâ–ˆâ–ˆâ–ˆâ–ˆâ–    | 2100/4039 [00:04<00:03, 486.81it/s] 53%|â–ˆâ–ˆâ–ˆâ–ˆâ–ˆâ–Ž    | 2160/4039 [00:04<00:03, 481.58it/s] 55%|â–ˆâ–ˆâ–ˆâ–ˆâ–ˆâ–    | 2220/4039 [00:04<00:04, 454.35it/s] 56%|â–ˆâ–ˆâ–ˆâ–ˆâ–ˆâ–‹    | 2280/4039 [00:04<00:03, 443.94it/s] 59%|â–ˆâ–ˆâ–ˆâ–ˆâ–ˆâ–‰    | 2400/4039 [00:04<00:03, 466.89it/s] 61%|â–ˆâ–ˆâ–ˆâ–ˆâ–ˆâ–ˆ    | 2460/4039 [00:04<00:03, 456.70it/s] 62%|â–ˆâ–ˆâ–ˆâ–ˆâ–ˆâ–ˆâ–   | 2520/4039 [00:05<00:03, 458.96it/s] 64%|â–ˆâ–ˆâ–ˆâ–ˆâ–ˆâ–ˆâ–   | 2580/4039 [00:05<00:03, 472.09it/s] 65%|â–ˆâ–ˆâ–ˆâ–ˆâ–ˆâ–ˆâ–Œ   | 2640/4039 [00:05<00:03, 463.24it/s] 67%|â–ˆâ–ˆâ–ˆâ–ˆâ–ˆâ–ˆâ–‹   | 2700/4039 [00:05<00:03, 431.05it/s] 68%|â–ˆâ–ˆâ–ˆâ–ˆâ–ˆâ–ˆâ–Š   | 2760/4039 [00:05<00:03, 420.86it/s] 70%|â–ˆâ–ˆâ–ˆâ–ˆâ–ˆâ–ˆâ–‰   | 2820/4039 [00:05<00:02, 442.47it/s] 71%|â–ˆâ–ˆâ–ˆâ–ˆâ–ˆâ–ˆâ–ˆâ–  | 2880/4039 [00:05<00:02, 424.01it/s] 73%|â–ˆâ–ˆâ–ˆâ–ˆâ–ˆâ–ˆâ–ˆâ–Ž  | 2940/4039 [00:06<00:02, 400.65it/s] 74%|â–ˆâ–ˆâ–ˆâ–ˆâ–ˆâ–ˆâ–ˆâ–  | 3000/4039 [00:06<00:02, 420.66it/s] 76%|â–ˆâ–ˆâ–ˆâ–ˆâ–ˆâ–ˆâ–ˆâ–Œ  | 3060/4039 [00:06<00:02, 422.13it/s] 77%|â–ˆâ–ˆâ–ˆâ–ˆâ–ˆâ–ˆâ–ˆâ–‹  | 3120/4039 [00:06<00:02, 437.96it/s] 79%|â–ˆâ–ˆâ–ˆâ–ˆâ–ˆâ–ˆâ–ˆâ–Š  | 3180/4039 [00:06<00:02, 402.27it/s] 80%|â–ˆâ–ˆâ–ˆâ–ˆâ–ˆâ–ˆâ–ˆâ–ˆ  | 3240/4039 [00:06<00:01, 424.74it/s] 82%|â–ˆâ–ˆâ–ˆâ–ˆâ–ˆâ–ˆâ–ˆâ–ˆâ– | 3300/4039 [00:06<00:01, 412.17it/s] 83%|â–ˆâ–ˆâ–ˆâ–ˆâ–ˆâ–ˆâ–ˆâ–ˆâ–Ž | 3360/4039 [00:07<00:01, 401.33it/s] 85%|â–ˆâ–ˆâ–ˆâ–ˆâ–ˆâ–ˆâ–ˆâ–ˆâ– | 3420/4039 [00:07<00:01, 401.73it/s] 86%|â–ˆâ–ˆâ–ˆâ–ˆâ–ˆâ–ˆâ–ˆâ–ˆâ–Œ | 3480/4039 [00:07<00:01, 407.42it/s] 88%|â–ˆâ–ˆâ–ˆâ–ˆâ–ˆâ–ˆâ–ˆâ–ˆâ–Š | 3540/4039 [00:07<00:01, 449.41it/s] 89%|â–ˆâ–ˆâ–ˆâ–ˆâ–ˆâ–ˆâ–ˆâ–ˆâ–‰ | 3600/4039 [00:07<00:00, 480.65it/s] 91%|â–ˆâ–ˆâ–ˆâ–ˆâ–ˆâ–ˆâ–ˆâ–ˆâ–ˆ | 3660/4039 [00:07<00:00, 507.42it/s] 92%|â–ˆâ–ˆâ–ˆâ–ˆâ–ˆâ–ˆâ–ˆâ–ˆâ–ˆâ–| 3720/4039 [00:07<00:00, 525.53it/s] 94%|â–ˆâ–ˆâ–ˆâ–ˆâ–ˆâ–ˆâ–ˆâ–ˆâ–ˆâ–Ž| 3780/4039 [00:07<00:00, 531.88it/s] 95%|â–ˆâ–ˆâ–ˆâ–ˆâ–ˆâ–ˆâ–ˆâ–ˆâ–ˆâ–Œ| 3840/4039 [00:08<00:00, 544.93it/s] 97%|â–ˆâ–ˆâ–ˆâ–ˆâ–ˆâ–ˆâ–ˆâ–ˆâ–ˆâ–‹| 3900/4039 [00:08<00:00, 542.21it/s] 98%|â–ˆâ–ˆâ–ˆâ–ˆâ–ˆâ–ˆâ–ˆâ–ˆâ–ˆâ–Š| 3960/4039 [00:08<00:00, 549.78it/s]100%|â–ˆâ–ˆâ–ˆâ–ˆâ–ˆâ–ˆâ–ˆâ–ˆâ–ˆâ–‰| 4020/4039 [00:08<00:00, 552.81it/s]100%|â–ˆâ–ˆâ–ˆâ–ˆâ–ˆâ–ˆâ–ˆâ–ˆâ–ˆâ–ˆ| 4039/4039 [00:08<00:00, 471.97it/s]
  0%|          | 0/3319 [00:00<?, ?it/s]  5%|â–Œ         | 180/3319 [00:00<00:01, 1788.65it/s] 11%|â–ˆ         | 360/3319 [00:00<00:01, 1689.89it/s] 16%|â–ˆâ–‹        | 540/3319 [00:00<00:01, 1634.01it/s] 22%|â–ˆâ–ˆâ–       | 720/3319 [00:00<00:01, 1458.67it/s] 27%|â–ˆâ–ˆâ–‹       | 900/3319 [00:00<00:01, 1359.66it/s] 33%|â–ˆâ–ˆâ–ˆâ–Ž      | 1080/3319 [00:00<00:01, 1274.58it/s] 38%|â–ˆâ–ˆâ–ˆâ–Š      | 1260/3319 [00:00<00:01, 1190.23it/s] 43%|â–ˆâ–ˆâ–ˆâ–ˆâ–Ž     | 1440/3319 [00:01<00:01, 1136.55it/s] 47%|â–ˆâ–ˆâ–ˆâ–ˆâ–‹     | 1560/3319 [00:01<00:01, 1078.50it/s] 51%|â–ˆâ–ˆâ–ˆâ–ˆâ–ˆ     | 1680/3319 [00:01<00:01, 1031.81it/s] 54%|â–ˆâ–ˆâ–ˆâ–ˆâ–ˆâ–    | 1800/3319 [00:01<00:01, 1011.76it/s] 58%|â–ˆâ–ˆâ–ˆâ–ˆâ–ˆâ–Š    | 1920/3319 [00:01<00:01, 866.40it/s]  61%|â–ˆâ–ˆâ–ˆâ–ˆâ–ˆâ–ˆâ–   | 2040/3319 [00:01<00:01, 867.73it/s] 65%|â–ˆâ–ˆâ–ˆâ–ˆâ–ˆâ–ˆâ–Œ   | 2160/3319 [00:01<00:01, 860.64it/s] 69%|â–ˆâ–ˆâ–ˆâ–ˆâ–ˆâ–ˆâ–Š   | 2280/3319 [00:02<00:01, 840.21it/s] 72%|â–ˆâ–ˆâ–ˆâ–ˆâ–ˆâ–ˆâ–ˆâ–  | 2400/3319 [00:02<00:01, 808.95it/s] 76%|â–ˆâ–ˆâ–ˆâ–ˆâ–ˆâ–ˆâ–ˆâ–Œ  | 2520/3319 [00:02<00:01, 790.68it/s] 80%|â–ˆâ–ˆâ–ˆâ–ˆâ–ˆâ–ˆâ–ˆâ–‰  | 2640/3319 [00:02<00:00, 781.64it/s] 83%|â–ˆâ–ˆâ–ˆâ–ˆâ–ˆâ–ˆâ–ˆâ–ˆâ–Ž | 2760/3319 [00:02<00:00, 759.05it/s] 87%|â–ˆâ–ˆâ–ˆâ–ˆâ–ˆâ–ˆâ–ˆâ–ˆâ–‹ | 2880/3319 [00:02<00:00, 742.46it/s] 90%|â–ˆâ–ˆâ–ˆâ–ˆâ–ˆâ–ˆâ–ˆâ–ˆâ–ˆ | 3000/3319 [00:03<00:00, 715.06it/s] 94%|â–ˆâ–ˆâ–ˆâ–ˆâ–ˆâ–ˆâ–ˆâ–ˆâ–ˆâ–| 3120/3319 [00:03<00:00, 688.03it/s] 98%|â–ˆâ–ˆâ–ˆâ–ˆâ–ˆâ–ˆâ–ˆâ–ˆâ–ˆâ–Š| 3240/3319 [00:03<00:00, 671.76it/s]100%|â–ˆâ–ˆâ–ˆâ–ˆâ–ˆâ–ˆâ–ˆâ–ˆâ–ˆâ–ˆ| 3319/3319 [00:03<00:00, 602.92it/s]100%|â–ˆâ–ˆâ–ˆâ–ˆâ–ˆâ–ˆâ–ˆâ–ˆâ–ˆâ–ˆ| 3319/3319 [00:03<00:00, 880.58it/s]
/home/ubuntu/.local/lib/python3.9/site-packages/matplotlib/backends/backend_agg.py:240: RuntimeWarning:

Glyph 54616 missing from current font.

/home/ubuntu/.local/lib/python3.9/site-packages/matplotlib/backends/backend_agg.py:240: RuntimeWarning:

Glyph 51060 missing from current font.

/home/ubuntu/.local/lib/python3.9/site-packages/matplotlib/backends/backend_agg.py:240: RuntimeWarning:

Glyph 53581 missing from current font.

/home/ubuntu/.local/lib/python3.9/site-packages/matplotlib/backends/backend_agg.py:203: RuntimeWarning:

Glyph 54616 missing from current font.

/home/ubuntu/.local/lib/python3.9/site-packages/matplotlib/backends/backend_agg.py:203: RuntimeWarning:

Glyph 51060 missing from current font.

/home/ubuntu/.local/lib/python3.9/site-packages/matplotlib/backends/backend_agg.py:203: RuntimeWarning:

Glyph 53581 missing from current font.

/home/ubuntu/.local/lib/python3.9/site-packages/matplotlib/backends/backend_agg.py:240: RuntimeWarning:

Glyph 51060 missing from current font.

/home/ubuntu/.local/lib/python3.9/site-packages/matplotlib/backends/backend_agg.py:240: RuntimeWarning:

Glyph 45432 missing from current font.

/home/ubuntu/.local/lib/python3.9/site-packages/matplotlib/backends/backend_agg.py:240: RuntimeWarning:

Glyph 50644 missing from current font.

/home/ubuntu/.local/lib/python3.9/site-packages/matplotlib/backends/backend_agg.py:203: RuntimeWarning:

Glyph 51060 missing from current font.

/home/ubuntu/.local/lib/python3.9/site-packages/matplotlib/backends/backend_agg.py:203: RuntimeWarning:

Glyph 45432 missing from current font.

/home/ubuntu/.local/lib/python3.9/site-packages/matplotlib/backends/backend_agg.py:203: RuntimeWarning:

Glyph 50644 missing from current font.

/home/ubuntu/.local/lib/python3.9/site-packages/matplotlib/backends/backend_agg.py:240: RuntimeWarning:

Glyph 46041 missing from current font.

/home/ubuntu/.local/lib/python3.9/site-packages/matplotlib/backends/backend_agg.py:240: RuntimeWarning:

Glyph 51068 missing from current font.

/home/ubuntu/.local/lib/python3.9/site-packages/matplotlib/backends/backend_agg.py:240: RuntimeWarning:

Glyph 44032 missing from current font.

/home/ubuntu/.local/lib/python3.9/site-packages/matplotlib/backends/backend_agg.py:240: RuntimeWarning:

Glyph 51473 missing from current font.

/home/ubuntu/.local/lib/python3.9/site-packages/matplotlib/backends/backend_agg.py:203: RuntimeWarning:

Glyph 46041 missing from current font.

/home/ubuntu/.local/lib/python3.9/site-packages/matplotlib/backends/backend_agg.py:203: RuntimeWarning:

Glyph 51068 missing from current font.

/home/ubuntu/.local/lib/python3.9/site-packages/matplotlib/backends/backend_agg.py:203: RuntimeWarning:

Glyph 44032 missing from current font.

/home/ubuntu/.local/lib/python3.9/site-packages/matplotlib/backends/backend_agg.py:203: RuntimeWarning:

Glyph 51473 missing from current font.

/home/ubuntu/.local/lib/python3.9/site-packages/matplotlib/backends/backend_agg.py:240: RuntimeWarning:

Glyph 48148 missing from current font.

/home/ubuntu/.local/lib/python3.9/site-packages/matplotlib/backends/backend_agg.py:240: RuntimeWarning:

Glyph 51060 missing from current font.

/home/ubuntu/.local/lib/python3.9/site-packages/matplotlib/backends/backend_agg.py:240: RuntimeWarning:

Glyph 50724 missing from current font.

/home/ubuntu/.local/lib/python3.9/site-packages/matplotlib/backends/backend_agg.py:203: RuntimeWarning:

Glyph 48148 missing from current font.

/home/ubuntu/.local/lib/python3.9/site-packages/matplotlib/backends/backend_agg.py:203: RuntimeWarning:

Glyph 51060 missing from current font.

/home/ubuntu/.local/lib/python3.9/site-packages/matplotlib/backends/backend_agg.py:203: RuntimeWarning:

Glyph 50724 missing from current font.

/home/ubuntu/.local/lib/python3.9/site-packages/matplotlib/backends/backend_agg.py:240: RuntimeWarning:

Glyph 51088 missing from current font.

/home/ubuntu/.local/lib/python3.9/site-packages/matplotlib/backends/backend_agg.py:240: RuntimeWarning:

Glyph 46041 missing from current font.

/home/ubuntu/.local/lib/python3.9/site-packages/matplotlib/backends/backend_agg.py:240: RuntimeWarning:

Glyph 52264 missing from current font.

/home/ubuntu/.local/lib/python3.9/site-packages/matplotlib/backends/backend_agg.py:203: RuntimeWarning:

Glyph 51088 missing from current font.

/home/ubuntu/.local/lib/python3.9/site-packages/matplotlib/backends/backend_agg.py:203: RuntimeWarning:

Glyph 46041 missing from current font.

/home/ubuntu/.local/lib/python3.9/site-packages/matplotlib/backends/backend_agg.py:203: RuntimeWarning:

Glyph 52264 missing from current font.

/home/ubuntu/.local/lib/python3.9/site-packages/matplotlib/backends/backend_agg.py:240: RuntimeWarning:

Glyph 45684 missing from current font.

/home/ubuntu/.local/lib/python3.9/site-packages/matplotlib/backends/backend_agg.py:240: RuntimeWarning:

Glyph 46364 missing from current font.

/home/ubuntu/.local/lib/python3.9/site-packages/matplotlib/backends/backend_agg.py:203: RuntimeWarning:

Glyph 45684 missing from current font.

/home/ubuntu/.local/lib/python3.9/site-packages/matplotlib/backends/backend_agg.py:203: RuntimeWarning:

Glyph 46364 missing from current font.

/home/ubuntu/.local/lib/python3.9/site-packages/matplotlib/backends/backend_agg.py:240: RuntimeWarning:

Glyph 50864 missing from current font.

/home/ubuntu/.local/lib/python3.9/site-packages/matplotlib/backends/backend_agg.py:240: RuntimeWarning:

Glyph 47049 missing from current font.

/home/ubuntu/.local/lib/python3.9/site-packages/matplotlib/backends/backend_agg.py:240: RuntimeWarning:

Glyph 44032 missing from current font.

/home/ubuntu/.local/lib/python3.9/site-packages/matplotlib/backends/backend_agg.py:240: RuntimeWarning:

Glyph 52824 missing from current font.

/home/ubuntu/.local/lib/python3.9/site-packages/matplotlib/backends/backend_agg.py:203: RuntimeWarning:

Glyph 50864 missing from current font.

/home/ubuntu/.local/lib/python3.9/site-packages/matplotlib/backends/backend_agg.py:203: RuntimeWarning:

Glyph 47049 missing from current font.

/home/ubuntu/.local/lib/python3.9/site-packages/matplotlib/backends/backend_agg.py:203: RuntimeWarning:

Glyph 44032 missing from current font.

/home/ubuntu/.local/lib/python3.9/site-packages/matplotlib/backends/backend_agg.py:203: RuntimeWarning:

Glyph 52824 missing from current font.

/home/ubuntu/.local/lib/python3.9/site-packages/matplotlib/backends/backend_agg.py:240: RuntimeWarning:

Glyph 44053 missing from current font.

/home/ubuntu/.local/lib/python3.9/site-packages/matplotlib/backends/backend_agg.py:240: RuntimeWarning:

Glyph 50896 missing from current font.

/home/ubuntu/.local/lib/python3.9/site-packages/matplotlib/backends/backend_agg.py:240: RuntimeWarning:

Glyph 47004 missing from current font.

/home/ubuntu/.local/lib/python3.9/site-packages/matplotlib/backends/backend_agg.py:240: RuntimeWarning:

Glyph 46300 missing from current font.

/home/ubuntu/.local/lib/python3.9/site-packages/matplotlib/backends/backend_agg.py:203: RuntimeWarning:

Glyph 44053 missing from current font.

/home/ubuntu/.local/lib/python3.9/site-packages/matplotlib/backends/backend_agg.py:203: RuntimeWarning:

Glyph 50896 missing from current font.

/home/ubuntu/.local/lib/python3.9/site-packages/matplotlib/backends/backend_agg.py:203: RuntimeWarning:

Glyph 47004 missing from current font.

/home/ubuntu/.local/lib/python3.9/site-packages/matplotlib/backends/backend_agg.py:203: RuntimeWarning:

Glyph 46300 missing from current font.

/home/ubuntu/.local/lib/python3.9/site-packages/matplotlib/backends/backend_agg.py:240: RuntimeWarning:

Glyph 44264 missing from current font.

/home/ubuntu/.local/lib/python3.9/site-packages/matplotlib/backends/backend_agg.py:240: RuntimeWarning:

Glyph 54532 missing from current font.

/home/ubuntu/.local/lib/python3.9/site-packages/matplotlib/backends/backend_agg.py:240: RuntimeWarning:

Glyph 51316 missing from current font.

/home/ubuntu/.local/lib/python3.9/site-packages/matplotlib/backends/backend_agg.py:203: RuntimeWarning:

Glyph 44264 missing from current font.

/home/ubuntu/.local/lib/python3.9/site-packages/matplotlib/backends/backend_agg.py:203: RuntimeWarning:

Glyph 54532 missing from current font.

/home/ubuntu/.local/lib/python3.9/site-packages/matplotlib/backends/backend_agg.py:203: RuntimeWarning:

Glyph 51316 missing from current font.

/home/ubuntu/.local/lib/python3.9/site-packages/matplotlib/backends/backend_agg.py:240: RuntimeWarning:

Glyph 46160 missing from current font.

/home/ubuntu/.local/lib/python3.9/site-packages/matplotlib/backends/backend_agg.py:240: RuntimeWarning:

Glyph 49328 missing from current font.

/home/ubuntu/.local/lib/python3.9/site-packages/matplotlib/backends/backend_agg.py:240: RuntimeWarning:

Glyph 51473 missing from current font.

/home/ubuntu/.local/lib/python3.9/site-packages/matplotlib/backends/backend_agg.py:240: RuntimeWarning:

Glyph 44277 missing from current font.

/home/ubuntu/.local/lib/python3.9/site-packages/matplotlib/backends/backend_agg.py:240: RuntimeWarning:

Glyph 50629 missing from current font.

/home/ubuntu/.local/lib/python3.9/site-packages/matplotlib/backends/backend_agg.py:203: RuntimeWarning:

Glyph 46160 missing from current font.

/home/ubuntu/.local/lib/python3.9/site-packages/matplotlib/backends/backend_agg.py:203: RuntimeWarning:

Glyph 49328 missing from current font.

/home/ubuntu/.local/lib/python3.9/site-packages/matplotlib/backends/backend_agg.py:203: RuntimeWarning:

Glyph 51473 missing from current font.

/home/ubuntu/.local/lib/python3.9/site-packages/matplotlib/backends/backend_agg.py:203: RuntimeWarning:

Glyph 44277 missing from current font.

/home/ubuntu/.local/lib/python3.9/site-packages/matplotlib/backends/backend_agg.py:203: RuntimeWarning:

Glyph 50629 missing from current font.

/home/ubuntu/.local/lib/python3.9/site-packages/matplotlib/backends/backend_agg.py:240: RuntimeWarning:

Glyph 49340 missing from current font.

/home/ubuntu/.local/lib/python3.9/site-packages/matplotlib/backends/backend_agg.py:240: RuntimeWarning:

Glyph 49457 missing from current font.

/home/ubuntu/.local/lib/python3.9/site-packages/matplotlib/backends/backend_agg.py:240: RuntimeWarning:

Glyph 51228 missing from current font.

/home/ubuntu/.local/lib/python3.9/site-packages/matplotlib/backends/backend_agg.py:240: RuntimeWarning:

Glyph 50557 missing from current font.

/home/ubuntu/.local/lib/python3.9/site-packages/matplotlib/backends/backend_agg.py:203: RuntimeWarning:

Glyph 49340 missing from current font.

/home/ubuntu/.local/lib/python3.9/site-packages/matplotlib/backends/backend_agg.py:203: RuntimeWarning:

Glyph 49457 missing from current font.

/home/ubuntu/.local/lib/python3.9/site-packages/matplotlib/backends/backend_agg.py:203: RuntimeWarning:

Glyph 51228 missing from current font.

/home/ubuntu/.local/lib/python3.9/site-packages/matplotlib/backends/backend_agg.py:203: RuntimeWarning:

Glyph 50557 missing from current font.

/home/ubuntu/.local/lib/python3.9/site-packages/matplotlib/backends/backend_agg.py:240: RuntimeWarning:

Glyph 49888 missing from current font.

/home/ubuntu/.local/lib/python3.9/site-packages/matplotlib/backends/backend_agg.py:240: RuntimeWarning:

Glyph 51068 missing from current font.

/home/ubuntu/.local/lib/python3.9/site-packages/matplotlib/backends/backend_agg.py:240: RuntimeWarning:

Glyph 51228 missing from current font.

/home/ubuntu/.local/lib/python3.9/site-packages/matplotlib/backends/backend_agg.py:240: RuntimeWarning:

Glyph 50557 missing from current font.

/home/ubuntu/.local/lib/python3.9/site-packages/matplotlib/backends/backend_agg.py:203: RuntimeWarning:

Glyph 49888 missing from current font.

/home/ubuntu/.local/lib/python3.9/site-packages/matplotlib/backends/backend_agg.py:203: RuntimeWarning:

Glyph 51068 missing from current font.

/home/ubuntu/.local/lib/python3.9/site-packages/matplotlib/backends/backend_agg.py:203: RuntimeWarning:

Glyph 51228 missing from current font.

/home/ubuntu/.local/lib/python3.9/site-packages/matplotlib/backends/backend_agg.py:203: RuntimeWarning:

Glyph 50557 missing from current font.

/home/ubuntu/.local/lib/python3.9/site-packages/matplotlib/backends/backend_agg.py:240: RuntimeWarning:

Glyph 51652 missing from current font.

/home/ubuntu/.local/lib/python3.9/site-packages/matplotlib/backends/backend_agg.py:240: RuntimeWarning:

Glyph 47588 missing from current font.

/home/ubuntu/.local/lib/python3.9/site-packages/matplotlib/backends/backend_agg.py:240: RuntimeWarning:

Glyph 53944 missing from current font.

/home/ubuntu/.local/lib/python3.9/site-packages/matplotlib/backends/backend_agg.py:240: RuntimeWarning:

Glyph 47533 missing from current font.

/home/ubuntu/.local/lib/python3.9/site-packages/matplotlib/backends/backend_agg.py:240: RuntimeWarning:

Glyph 49828 missing from current font.

/home/ubuntu/.local/lib/python3.9/site-packages/matplotlib/backends/backend_agg.py:203: RuntimeWarning:

Glyph 51652 missing from current font.

/home/ubuntu/.local/lib/python3.9/site-packages/matplotlib/backends/backend_agg.py:203: RuntimeWarning:

Glyph 47588 missing from current font.

/home/ubuntu/.local/lib/python3.9/site-packages/matplotlib/backends/backend_agg.py:203: RuntimeWarning:

Glyph 53944 missing from current font.

/home/ubuntu/.local/lib/python3.9/site-packages/matplotlib/backends/backend_agg.py:203: RuntimeWarning:

Glyph 47533 missing from current font.

/home/ubuntu/.local/lib/python3.9/site-packages/matplotlib/backends/backend_agg.py:203: RuntimeWarning:

Glyph 49828 missing from current font.

/home/ubuntu/.local/lib/python3.9/site-packages/matplotlib/backends/backend_agg.py:240: RuntimeWarning:

Glyph 54788 missing from current font.

/home/ubuntu/.local/lib/python3.9/site-packages/matplotlib/backends/backend_agg.py:240: RuntimeWarning:

Glyph 45824 missing from current font.

/home/ubuntu/.local/lib/python3.9/site-packages/matplotlib/backends/backend_agg.py:240: RuntimeWarning:

Glyph 47784 missing from current font.

/home/ubuntu/.local/lib/python3.9/site-packages/matplotlib/backends/backend_agg.py:240: RuntimeWarning:

Glyph 48708 missing from current font.

/home/ubuntu/.local/lib/python3.9/site-packages/matplotlib/backends/backend_agg.py:240: RuntimeWarning:

Glyph 49828 missing from current font.

/home/ubuntu/.local/lib/python3.9/site-packages/matplotlib/backends/backend_agg.py:203: RuntimeWarning:

Glyph 54788 missing from current font.

/home/ubuntu/.local/lib/python3.9/site-packages/matplotlib/backends/backend_agg.py:203: RuntimeWarning:

Glyph 45824 missing from current font.

/home/ubuntu/.local/lib/python3.9/site-packages/matplotlib/backends/backend_agg.py:203: RuntimeWarning:

Glyph 47784 missing from current font.

/home/ubuntu/.local/lib/python3.9/site-packages/matplotlib/backends/backend_agg.py:203: RuntimeWarning:

Glyph 48708 missing from current font.

/home/ubuntu/.local/lib/python3.9/site-packages/matplotlib/backends/backend_agg.py:203: RuntimeWarning:

Glyph 49828 missing from current font.

/home/ubuntu/.local/lib/python3.9/site-packages/matplotlib/backends/backend_agg.py:240: RuntimeWarning:

Glyph 54788 missing from current font.

/home/ubuntu/.local/lib/python3.9/site-packages/matplotlib/backends/backend_agg.py:240: RuntimeWarning:

Glyph 45824 missing from current font.

/home/ubuntu/.local/lib/python3.9/site-packages/matplotlib/backends/backend_agg.py:240: RuntimeWarning:

Glyph 52264 missing from current font.

/home/ubuntu/.local/lib/python3.9/site-packages/matplotlib/backends/backend_agg.py:203: RuntimeWarning:

Glyph 54788 missing from current font.

/home/ubuntu/.local/lib/python3.9/site-packages/matplotlib/backends/backend_agg.py:203: RuntimeWarning:

Glyph 45824 missing from current font.

/home/ubuntu/.local/lib/python3.9/site-packages/matplotlib/backends/backend_agg.py:203: RuntimeWarning:

Glyph 52264 missing from current font.

No error handlers are registered, logging exception.
Traceback (most recent call last):
  File "/home/ubuntu/.local/lib/python3.9/site-packages/telegram/ext/dispatcher.py", line 555, in process_update
    handler.handle_update(update, self, check, context)
  File "/home/ubuntu/.local/lib/python3.9/site-packages/telegram/ext/handler.py", line 198, in handle_update
    return self.callback(update, context)
  File "/home/ubuntu/HA_telBot7.py", line 562, in get_command
    if bot[tp]['text'].split('@')[1] != myBotName :
IndexError: list index out of range
/home/ubuntu/.local/lib/python3.9/site-packages/matplotlib/backends/backend_agg.py:240: RuntimeWarning:

Glyph 54616 missing from current font.

/home/ubuntu/.local/lib/python3.9/site-packages/matplotlib/backends/backend_agg.py:240: RuntimeWarning:

Glyph 51060 missing from current font.

/home/ubuntu/.local/lib/python3.9/site-packages/matplotlib/backends/backend_agg.py:240: RuntimeWarning:

Glyph 53581 missing from current font.

/home/ubuntu/.local/lib/python3.9/site-packages/matplotlib/backends/backend_agg.py:203: RuntimeWarning:

Glyph 54616 missing from current font.

/home/ubuntu/.local/lib/python3.9/site-packages/matplotlib/backends/backend_agg.py:203: RuntimeWarning:

Glyph 51060 missing from current font.

/home/ubuntu/.local/lib/python3.9/site-packages/matplotlib/backends/backend_agg.py:203: RuntimeWarning:

Glyph 53581 missing from current font.

/home/ubuntu/.local/lib/python3.9/site-packages/matplotlib/backends/backend_agg.py:240: RuntimeWarning:

Glyph 51060 missing from current font.

/home/ubuntu/.local/lib/python3.9/site-packages/matplotlib/backends/backend_agg.py:240: RuntimeWarning:

Glyph 45432 missing from current font.

/home/ubuntu/.local/lib/python3.9/site-packages/matplotlib/backends/backend_agg.py:240: RuntimeWarning:

Glyph 50644 missing from current font.

/home/ubuntu/.local/lib/python3.9/site-packages/matplotlib/backends/backend_agg.py:203: RuntimeWarning:

Glyph 51060 missing from current font.

/home/ubuntu/.local/lib/python3.9/site-packages/matplotlib/backends/backend_agg.py:203: RuntimeWarning:

Glyph 45432 missing from current font.

/home/ubuntu/.local/lib/python3.9/site-packages/matplotlib/backends/backend_agg.py:203: RuntimeWarning:

Glyph 50644 missing from current font.

/home/ubuntu/.local/lib/python3.9/site-packages/matplotlib/backends/backend_agg.py:240: RuntimeWarning:

Glyph 46041 missing from current font.

/home/ubuntu/.local/lib/python3.9/site-packages/matplotlib/backends/backend_agg.py:240: RuntimeWarning:

Glyph 51068 missing from current font.

/home/ubuntu/.local/lib/python3.9/site-packages/matplotlib/backends/backend_agg.py:240: RuntimeWarning:

Glyph 44032 missing from current font.

/home/ubuntu/.local/lib/python3.9/site-packages/matplotlib/backends/backend_agg.py:240: RuntimeWarning:

Glyph 51473 missing from current font.

/home/ubuntu/.local/lib/python3.9/site-packages/matplotlib/backends/backend_agg.py:203: RuntimeWarning:

Glyph 46041 missing from current font.

/home/ubuntu/.local/lib/python3.9/site-packages/matplotlib/backends/backend_agg.py:203: RuntimeWarning:

Glyph 51068 missing from current font.

/home/ubuntu/.local/lib/python3.9/site-packages/matplotlib/backends/backend_agg.py:203: RuntimeWarning:

Glyph 44032 missing from current font.

/home/ubuntu/.local/lib/python3.9/site-packages/matplotlib/backends/backend_agg.py:203: RuntimeWarning:

Glyph 51473 missing from current font.

/home/ubuntu/.local/lib/python3.9/site-packages/matplotlib/backends/backend_agg.py:240: RuntimeWarning:

Glyph 48148 missing from current font.

/home/ubuntu/.local/lib/python3.9/site-packages/matplotlib/backends/backend_agg.py:240: RuntimeWarning:

Glyph 51060 missing from current font.

/home/ubuntu/.local/lib/python3.9/site-packages/matplotlib/backends/backend_agg.py:240: RuntimeWarning:

Glyph 50724 missing from current font.

/home/ubuntu/.local/lib/python3.9/site-packages/matplotlib/backends/backend_agg.py:203: RuntimeWarning:

Glyph 48148 missing from current font.

/home/ubuntu/.local/lib/python3.9/site-packages/matplotlib/backends/backend_agg.py:203: RuntimeWarning:

Glyph 51060 missing from current font.

/home/ubuntu/.local/lib/python3.9/site-packages/matplotlib/backends/backend_agg.py:203: RuntimeWarning:

Glyph 50724 missing from current font.

/home/ubuntu/.local/lib/python3.9/site-packages/matplotlib/backends/backend_agg.py:240: RuntimeWarning:

Glyph 51088 missing from current font.

/home/ubuntu/.local/lib/python3.9/site-packages/matplotlib/backends/backend_agg.py:240: RuntimeWarning:

Glyph 46041 missing from current font.

/home/ubuntu/.local/lib/python3.9/site-packages/matplotlib/backends/backend_agg.py:240: RuntimeWarning:

Glyph 52264 missing from current font.

/home/ubuntu/.local/lib/python3.9/site-packages/matplotlib/backends/backend_agg.py:203: RuntimeWarning:

Glyph 51088 missing from current font.

/home/ubuntu/.local/lib/python3.9/site-packages/matplotlib/backends/backend_agg.py:203: RuntimeWarning:

Glyph 46041 missing from current font.

/home/ubuntu/.local/lib/python3.9/site-packages/matplotlib/backends/backend_agg.py:203: RuntimeWarning:

Glyph 52264 missing from current font.

/home/ubuntu/.local/lib/python3.9/site-packages/matplotlib/backends/backend_agg.py:240: RuntimeWarning:

Glyph 45684 missing from current font.

/home/ubuntu/.local/lib/python3.9/site-packages/matplotlib/backends/backend_agg.py:240: RuntimeWarning:

Glyph 46364 missing from current font.

/home/ubuntu/.local/lib/python3.9/site-packages/matplotlib/backends/backend_agg.py:203: RuntimeWarning:

Glyph 45684 missing from current font.

/home/ubuntu/.local/lib/python3.9/site-packages/matplotlib/backends/backend_agg.py:203: RuntimeWarning:

Glyph 46364 missing from current font.

/home/ubuntu/.local/lib/python3.9/site-packages/matplotlib/backends/backend_agg.py:240: RuntimeWarning:

Glyph 50864 missing from current font.

/home/ubuntu/.local/lib/python3.9/site-packages/matplotlib/backends/backend_agg.py:240: RuntimeWarning:

Glyph 47049 missing from current font.

/home/ubuntu/.local/lib/python3.9/site-packages/matplotlib/backends/backend_agg.py:240: RuntimeWarning:

Glyph 44032 missing from current font.

/home/ubuntu/.local/lib/python3.9/site-packages/matplotlib/backends/backend_agg.py:240: RuntimeWarning:

Glyph 52824 missing from current font.

/home/ubuntu/.local/lib/python3.9/site-packages/matplotlib/backends/backend_agg.py:203: RuntimeWarning:

Glyph 50864 missing from current font.

/home/ubuntu/.local/lib/python3.9/site-packages/matplotlib/backends/backend_agg.py:203: RuntimeWarning:

Glyph 47049 missing from current font.

/home/ubuntu/.local/lib/python3.9/site-packages/matplotlib/backends/backend_agg.py:203: RuntimeWarning:

Glyph 44032 missing from current font.

/home/ubuntu/.local/lib/python3.9/site-packages/matplotlib/backends/backend_agg.py:203: RuntimeWarning:

Glyph 52824 missing from current font.

/home/ubuntu/.local/lib/python3.9/site-packages/matplotlib/backends/backend_agg.py:240: RuntimeWarning:

Glyph 44053 missing from current font.

/home/ubuntu/.local/lib/python3.9/site-packages/matplotlib/backends/backend_agg.py:240: RuntimeWarning:

Glyph 50896 missing from current font.

/home/ubuntu/.local/lib/python3.9/site-packages/matplotlib/backends/backend_agg.py:240: RuntimeWarning:

Glyph 47004 missing from current font.

/home/ubuntu/.local/lib/python3.9/site-packages/matplotlib/backends/backend_agg.py:240: RuntimeWarning:

Glyph 46300 missing from current font.

/home/ubuntu/.local/lib/python3.9/site-packages/matplotlib/backends/backend_agg.py:203: RuntimeWarning:

Glyph 44053 missing from current font.

/home/ubuntu/.local/lib/python3.9/site-packages/matplotlib/backends/backend_agg.py:203: RuntimeWarning:

Glyph 50896 missing from current font.

/home/ubuntu/.local/lib/python3.9/site-packages/matplotlib/backends/backend_agg.py:203: RuntimeWarning:

Glyph 47004 missing from current font.

/home/ubuntu/.local/lib/python3.9/site-packages/matplotlib/backends/backend_agg.py:203: RuntimeWarning:

Glyph 46300 missing from current font.

/home/ubuntu/.local/lib/python3.9/site-packages/matplotlib/backends/backend_agg.py:240: RuntimeWarning:

Glyph 44264 missing from current font.

/home/ubuntu/.local/lib/python3.9/site-packages/matplotlib/backends/backend_agg.py:240: RuntimeWarning:

Glyph 54532 missing from current font.

/home/ubuntu/.local/lib/python3.9/site-packages/matplotlib/backends/backend_agg.py:240: RuntimeWarning:

Glyph 51316 missing from current font.

/home/ubuntu/.local/lib/python3.9/site-packages/matplotlib/backends/backend_agg.py:203: RuntimeWarning:

Glyph 44264 missing from current font.

/home/ubuntu/.local/lib/python3.9/site-packages/matplotlib/backends/backend_agg.py:203: RuntimeWarning:

Glyph 54532 missing from current font.

/home/ubuntu/.local/lib/python3.9/site-packages/matplotlib/backends/backend_agg.py:203: RuntimeWarning:

Glyph 51316 missing from current font.

/home/ubuntu/.local/lib/python3.9/site-packages/matplotlib/backends/backend_agg.py:240: RuntimeWarning:

Glyph 46160 missing from current font.

/home/ubuntu/.local/lib/python3.9/site-packages/matplotlib/backends/backend_agg.py:240: RuntimeWarning:

Glyph 49328 missing from current font.

/home/ubuntu/.local/lib/python3.9/site-packages/matplotlib/backends/backend_agg.py:240: RuntimeWarning:

Glyph 51473 missing from current font.

/home/ubuntu/.local/lib/python3.9/site-packages/matplotlib/backends/backend_agg.py:240: RuntimeWarning:

Glyph 44277 missing from current font.

/home/ubuntu/.local/lib/python3.9/site-packages/matplotlib/backends/backend_agg.py:240: RuntimeWarning:

Glyph 50629 missing from current font.

/home/ubuntu/.local/lib/python3.9/site-packages/matplotlib/backends/backend_agg.py:203: RuntimeWarning:

Glyph 46160 missing from current font.

/home/ubuntu/.local/lib/python3.9/site-packages/matplotlib/backends/backend_agg.py:203: RuntimeWarning:

Glyph 49328 missing from current font.

/home/ubuntu/.local/lib/python3.9/site-packages/matplotlib/backends/backend_agg.py:203: RuntimeWarning:

Glyph 51473 missing from current font.

/home/ubuntu/.local/lib/python3.9/site-packages/matplotlib/backends/backend_agg.py:203: RuntimeWarning:

Glyph 44277 missing from current font.

/home/ubuntu/.local/lib/python3.9/site-packages/matplotlib/backends/backend_agg.py:203: RuntimeWarning:

Glyph 50629 missing from current font.

/home/ubuntu/.local/lib/python3.9/site-packages/matplotlib/backends/backend_agg.py:240: RuntimeWarning:

Glyph 49340 missing from current font.

/home/ubuntu/.local/lib/python3.9/site-packages/matplotlib/backends/backend_agg.py:240: RuntimeWarning:

Glyph 49457 missing from current font.

/home/ubuntu/.local/lib/python3.9/site-packages/matplotlib/backends/backend_agg.py:240: RuntimeWarning:

Glyph 51228 missing from current font.

/home/ubuntu/.local/lib/python3.9/site-packages/matplotlib/backends/backend_agg.py:240: RuntimeWarning:

Glyph 50557 missing from current font.

/home/ubuntu/.local/lib/python3.9/site-packages/matplotlib/backends/backend_agg.py:203: RuntimeWarning:

Glyph 49340 missing from current font.

/home/ubuntu/.local/lib/python3.9/site-packages/matplotlib/backends/backend_agg.py:203: RuntimeWarning:

Glyph 49457 missing from current font.

/home/ubuntu/.local/lib/python3.9/site-packages/matplotlib/backends/backend_agg.py:203: RuntimeWarning:

Glyph 51228 missing from current font.

/home/ubuntu/.local/lib/python3.9/site-packages/matplotlib/backends/backend_agg.py:203: RuntimeWarning:

Glyph 50557 missing from current font.

/home/ubuntu/.local/lib/python3.9/site-packages/matplotlib/backends/backend_agg.py:240: RuntimeWarning:

Glyph 49888 missing from current font.

/home/ubuntu/.local/lib/python3.9/site-packages/matplotlib/backends/backend_agg.py:240: RuntimeWarning:

Glyph 51068 missing from current font.

/home/ubuntu/.local/lib/python3.9/site-packages/matplotlib/backends/backend_agg.py:240: RuntimeWarning:

Glyph 51228 missing from current font.

/home/ubuntu/.local/lib/python3.9/site-packages/matplotlib/backends/backend_agg.py:240: RuntimeWarning:

Glyph 50557 missing from current font.

/home/ubuntu/.local/lib/python3.9/site-packages/matplotlib/backends/backend_agg.py:203: RuntimeWarning:

Glyph 49888 missing from current font.

/home/ubuntu/.local/lib/python3.9/site-packages/matplotlib/backends/backend_agg.py:203: RuntimeWarning:

Glyph 51068 missing from current font.

/home/ubuntu/.local/lib/python3.9/site-packages/matplotlib/backends/backend_agg.py:203: RuntimeWarning:

Glyph 51228 missing from current font.

/home/ubuntu/.local/lib/python3.9/site-packages/matplotlib/backends/backend_agg.py:203: RuntimeWarning:

Glyph 50557 missing from current font.

ì“°ë ˆë”©ì´ì´ìž‰
get_name  ì—…ë°ì´íŠ¸ ì™„ë£Œ : ì‚¬ìš©ë²•ì€ /HELP
        
[VERSION]        
 1.1.1 ì±„ë„, ê·¸ë£¹ ì •ë¦¬        
 1.1.0 ëª…ë ¹ì–´ ìˆ˜ì •        

ë°”ì´ë‚¸ìŠ¤, ì—…ë¹„íŠ¸ ë¹„íŠ¸ì½”ì¸, ì´ë”ë¦¬ì›€ HA ì¶”ì„¸ì „í™˜ ì•Œë¦¼        
ì±„íŒ…ë°©        
HA ì¶”ì„¸ì „í™˜ ì•Œë¦¼ í•œêµ­, ë¯¸êµ­ ì£¼ì‹        
ë°”ì´ë‚¸ìŠ¤ ë¹„íŠ¸ì½”ì¸ ì¢…í•©ì‹œê·¸ë„        
ì•¤í†¡ ìƒˆê¸€ ì•Œë¦¬ë¯¸        
ë„¤ì´ë²„ ë‰´ìŠ¤ ì•Œë¦¬ë¯¸
ë‰´ìŠ¤ ê¸°ì‚¬ í¬ë¡¤ë§ì´ ì‹œìž‘ ë˜ì—ˆìŠµë‹ˆë‹¤
ë‰´ìŠ¤ ê¸°ì‚¬ í¬ë¡¤ë§ì´ ì‹œìž‘ ë˜ì—ˆìŠµë‹ˆë‹¤
ë‰´ìŠ¤ ê¸°ì‚¬ í¬ë¡¤ë§ì´ ì‹œìž‘ ë˜ì—ˆìŠµë‹ˆë‹¤
get_name  AOA (ì›Œë‡¨ë ) í˜„ìž¬ í¬ì§€ì…˜ : SHORTâ¬‡ï¸
ì—…ë°ì´íŠ¸ ì‹œê°„ : 2021-08-12 21:06:02
HTTPS://KIMPYA.SITE/PAGE/READERBOARD.PHP
ë‰´ìŠ¤ ê¸°ì‚¬ í¬ë¡¤ë§ì´ ì‹œìž‘ ë˜ì—ˆìŠµë‹ˆë‹¤
BGF
CJ CGV
CJ ENM
CJëŒ€í•œí†µìš´
CJì œì¼ì œë‹¹
DBí•˜ì´í…
F&F
HKì´ë…¸ì—”
HMM
JYP Ent.
KBSTAR Fnìˆ˜ì†Œê²½ì œí…Œë§ˆ
KG ETS
KODEX 200
KODEX 200 ì¤‘ì†Œí˜•
KODEX 200ESG
KODEX 200ë™ì¼ê°€ì¤‘
KODEX ë°”ì´ì˜¤
KODEX ìžë™ì°¨
KT
LGë””ìŠ¤í”Œë ˆì´
LGì „ìž
LGí™”í•™
NAVER
SKë°”ì´ì˜¤ì‚¬ì´ì–¸ìŠ¤
SKì´ë…¸ë² ì´ì…˜
SKì¼€ë¯¸ì¹¼
SKí•˜ì´ë‹‰ìŠ¤
TIGER KRX BBIG K-ë‰´ë”œ
TIGER KRX2ì°¨ì „ì§€K-ë‰´ë”œ
TIGER KRXë°”ì´ì˜¤K-ë‰´ë”œ
TIGER TOP10
TIGER ê²½ê¸°ë°©ì–´
TIGER ê¸ˆì€ì„ ë¬¼(H)
TIGER ì—¬í–‰ë ˆì €
TIGER ìš°ëŸ‰ê°€ì¹˜
ê°•ì›ëžœë“œ
ê³ ë ¤ì‹ ìš©ì •ë³´
ê³¨í”„ì¡´
ê¸°ì•„
ë„¤ë¹„ê²Œì´í„° ì¹œí™˜ê²½ìžë™ì°¨ë°¸ë¥˜ì²´ì¸ì•¡í‹°ë¸Œ
ë‹¤ë‚ 
ëŒ€êµ
ëŒ€ì›ë¯¸ë””ì–´
ëŒ€í•œí•­ê³µ
ë”ë„¤ì´ì³í™€ë”©ìŠ¤
ë°ë¸Œì‹œìŠ¤í„°ì¦ˆ
ë‘ì‚°ì¤‘ê³µì—…
ë‘ì‚°í“¨ì–¼ì…€
ë¡¯ë°ì¹ ì„±
ë¹™ê·¸ë ˆ
ì‚¼ì„±SDI
ì‚¼ì„±ë°”ì´ì˜¤ë¡œì§ìŠ¤
ì‚¼ì„±ì—ìŠ¤ë””ì—ìŠ¤
ì‚¼ì„±ì—”ì§€ë‹ˆì–´ë§
ì‚¼ì„±ì „ìž
ì‚¼ì„±ì œì•½
ì„œë¦°ë°”ì´ì˜¤
ì…€íŠ¸ë¦¬ì˜¨
ì…€íŠ¸ë¦¬ì˜¨ì œì•½
ì…€íŠ¸ë¦¬ì˜¨í—¬ìŠ¤ì¼€ì–´
ìŠ¤íŠœë””ì˜¤ë“œëž˜ê³¤
ì‹ ì„¸ê³„
ì‹ ì¼ì œì•½
ì‹ í’ì œì•½
ì”¨ì—ìŠ¤ë² ì–´ë§
ì”¨ì—ìŠ¤ìœˆë“œ
ì”¨ì  
ì•„ì´ì§„
ì—ìŠ¤ë””ë°”ì´ì˜¤ì„¼ì„œ
ì—ìŠ¤ì— 
ì™€ì´ì—”í…
ì™€ì´ì§€ì—”í„°í…Œì¸ë¨¼íŠ¸
ìš©í‰ë¦¬ì¡°íŠ¸
ìš°ë¦¬ë°”ì´ì˜¤
ìœ„ë©”ì´ë“œ
ì´ë§ˆíŠ¸
ì§„ë§¤íŠ¸ë¦­ìŠ¤
ì²œë³´
ì¹´ì¹´ì˜¤
ì¹´ì¹´ì˜¤ë±…í¬
ì½”ì˜¤ë¡±ì¸ë”
íŽ„ì–´ë¹„ìŠ¤
í”„ë¡œìŠ¤í…Œë¯¹ìŠ¤
í•˜ì´ë¸Œ
í•œêµ­ì „ë ¥
í•œë¯¸ë°˜ë„ì²´
í•œì „KPS
í•œí™”ì†”ë£¨ì…˜
í˜„ëŒ€ëª¨ë¹„ìŠ¤
í˜„ëŒ€ë°”ì´ì˜¤
í˜„ëŒ€ì°¨
íœ´ë§ˆì‹œìŠ¤
ë‰´ìŠ¤ ê¸°ì‚¬ í¬ë¡¤ë§ì´ ì‹œìž‘ ë˜ì—ˆìŠµë‹ˆë‹¤
ë‰´ìŠ¤ ê¸°ì‚¬ í¬ë¡¤ë§ì´ ì‹œìž‘ ë˜ì—ˆìŠµë‹ˆë‹¤
ë‰´ìŠ¤ ê¸°ì‚¬ í¬ë¡¤ë§ì´ ì‹œìž‘ ë˜ì—ˆìŠµë‹ˆë‹¤
get command : /BTC
get_name  CANCEL
get command : /ETH
get_name  BINANCE.
get_name  1H
1h
ETH/USDT
                        open     high  ...  senkouSpanB  chikouSpan
datetime                               ...                         
2021-08-09 03:00:00  2946.94  2965.97  ...          NaN     3114.00
2021-08-09 04:00:00  2949.91  2964.07  ...          NaN     3124.11
2021-08-09 05:00:00  2957.76  2966.95  ...          NaN     3144.57
2021-08-09 06:00:00  2936.21  2943.12  ...          NaN     3165.74
2021-08-09 07:00:00  2924.35  2956.57  ...          NaN     3146.82
...                      ...      ...  ...          ...         ...
2021-08-13 02:00:00  3087.99  3144.14  ...      3158.40         NaN
2021-08-13 03:00:00  3131.95  3138.94  ...      3166.51         NaN
2021-08-13 04:00:00  3117.46  3130.31  ...      3166.51         NaN
2021-08-13 05:00:00  3120.65  3147.77  ...      3166.51         NaN
2021-08-13 06:00:00  3130.85  3137.50  ...      3166.51         NaN

[100 rows x 28 columns]
ë‰´ìŠ¤ ê¸°ì‚¬ í¬ë¡¤ë§ì´ ì‹œìž‘ ë˜ì—ˆìŠµë‹ˆë‹¤
get command : /HA
get_name  HA ì•Œë¦¼ì¶”ê°€
ì¶”ê°€í•  ì¢…ëª©ì˜ ì´ë¦„ or í‹°ì»¤ë¥¼ ìž…ë ¥í•´ì£¼ì„¸ìš”
get_name  ì¹´ì¹´ì˜¤ë±…í¬
ì¹´ì¹´ì˜¤ë±…í¬ : ì´ë¯¸ HA ëª©ë¡ì— ìžˆìŠµë‹ˆë‹¤
get command : /HA
get_name  HA ì•Œë¦¼ëª©ë¡
ha ê´€ì‹¬ ëª©ë¡ ì¡°íšŒ
get command : /HA
get_name  HA ëª©ë¡ì‚­ì œ
ì¶”ê°€í•  ì¢…ëª©ì˜ ì´ë¦„ or í‹°ì»¤ë¥¼ ìž…ë ¥í•´ì£¼ì„¸ìš”
get_name  ëŒ€êµ
ëŒ€êµ : HA ëª©ë¡ì—ì„œ ì‚­ì œí–ˆìŠµë‹ˆë‹¤.
ë‰´ìŠ¤ ê¸°ì‚¬ í¬ë¡¤ë§ì´ ì‹œìž‘ ë˜ì—ˆìŠµë‹ˆë‹¤
ë‰´ìŠ¤ ê¸°ì‚¬ í¬ë¡¤ë§ì´ ì‹œìž‘ ë˜ì—ˆìŠµë‹ˆë‹¤
ë‰´ìŠ¤ ê¸°ì‚¬ í¬ë¡¤ë§ì´ ì‹œìž‘ ë˜ì—ˆìŠµë‹ˆë‹¤
ë‰´ìŠ¤ ê¸°ì‚¬ í¬ë¡¤ë§ì´ ì‹œìž‘ ë˜ì—ˆìŠµë‹ˆë‹¤
ë‰´ìŠ¤ ê¸°ì‚¬ í¬ë¡¤ë§ì´ ì‹œìž‘ ë˜ì—ˆìŠµë‹ˆë‹¤
ë‰´ìŠ¤ ê¸°ì‚¬ í¬ë¡¤ë§ì´ ì‹œìž‘ ë˜ì—ˆìŠµë‹ˆë‹¤
get command : /JISU
get_name  í™˜ìœ¨
ë‰´ìŠ¤ ê¸°ì‚¬ í¬ë¡¤ë§ì´ ì‹œìž‘ ë˜ì—ˆìŠµë‹ˆë‹¤
ë‰´ìŠ¤ ê¸°ì‚¬ í¬ë¡¤ë§ì´ ì‹œìž‘ ë˜ì—ˆìŠµë‹ˆë‹¤
ë‰´ìŠ¤ ê¸°ì‚¬ í¬ë¡¤ë§ì´ ì‹œìž‘ ë˜ì—ˆìŠµë‹ˆë‹¤
ë‰´ìŠ¤ ê¸°ì‚¬ í¬ë¡¤ë§ì´ ì‹œìž‘ ë˜ì—ˆìŠµë‹ˆë‹¤
ë‰´ìŠ¤ ê¸°ì‚¬ í¬ë¡¤ë§ì´ ì‹œìž‘ ë˜ì—ˆìŠµë‹ˆë‹¤
ë‰´ìŠ¤ ê¸°ì‚¬ í¬ë¡¤ë§ì´ ì‹œìž‘ ë˜ì—ˆìŠµë‹ˆë‹¤
get command : /SHOWCHART
get_name  SKí•˜ì´ë‹‰ìŠ¤
ë‰´ìŠ¤ ê¸°ì‚¬ í¬ë¡¤ë§ì´ ì‹œìž‘ ë˜ì—ˆìŠµë‹ˆë‹¤
ë‰´ìŠ¤ ê¸°ì‚¬ í¬ë¡¤ë§ì´ ì‹œìž‘ ë˜ì—ˆìŠµë‹ˆë‹¤
AAPL
ABNB
ADBE
ADSK
AMD
AMZN
ASML
ATVI
AXP
BA
BAC
BLK
BRK
CCL
COIN
CPNG
CRWD
DD
DIS
DISCK
DOW
DPZ
F
FB
FITB
GLW
GM
GOOGL
GPS
GS
INTC
IRM
JNJ
JPM
KEY
KO
LMT
MET
MO
MRK
MRNA
MSFT
MU
NEM
NET
NFLX
NKE
NVDA
O
ODP
ORCL
PFE
PINS
PLD
PVH
PYPL
QCOM
RBLX
REAL
RL
SHOP
SNAP
SNOW
SNY
SPCE
TSLA
TSM
TWTR
U
UAL
UBER
V
VFC
VIAC
Z
ZM
ë‰´ìŠ¤ ê¸°ì‚¬ í¬ë¡¤ë§ì´ ì‹œìž‘ ë˜ì—ˆìŠµë‹ˆë‹¤
ë‰´ìŠ¤ ê¸°ì‚¬ í¬ë¡¤ë§ì´ ì‹œìž‘ ë˜ì—ˆìŠµë‹ˆë‹¤
ë‰´ìŠ¤ ê¸°ì‚¬ í¬ë¡¤ë§ì´ ì‹œìž‘ ë˜ì—ˆìŠµë‹ˆë‹¤
ë‰´ìŠ¤ ê¸°ì‚¬ í¬ë¡¤ë§ì´ ì‹œìž‘ ë˜ì—ˆìŠµë‹ˆë‹¤
ë‰´ìŠ¤ ê¸°ì‚¬ í¬ë¡¤ë§ì´ ì‹œìž‘ ë˜ì—ˆìŠµë‹ˆë‹¤
ë‰´ìŠ¤ ê¸°ì‚¬ í¬ë¡¤ë§ì´ ì‹œìž‘ ë˜ì—ˆìŠµë‹ˆë‹¤
ë‰´ìŠ¤ ê¸°ì‚¬ í¬ë¡¤ë§ì´ ì‹œìž‘ ë˜ì—ˆìŠµë‹ˆë‹¤
ë‰´ìŠ¤ ê¸°ì‚¬ í¬ë¡¤ë§ì´ ì‹œìž‘ ë˜ì—ˆìŠµë‹ˆë‹¤
ë‰´ìŠ¤ ê¸°ì‚¬ í¬ë¡¤ë§ì´ ì‹œìž‘ ë˜ì—ˆìŠµë‹ˆë‹¤
ë‰´ìŠ¤ ê¸°ì‚¬ í¬ë¡¤ë§ì´ ì‹œìž‘ ë˜ì—ˆìŠµë‹ˆë‹¤
ë‰´ìŠ¤ ê¸°ì‚¬ í¬ë¡¤ë§ì´ ì‹œìž‘ ë˜ì—ˆìŠµë‹ˆë‹¤
ë‰´ìŠ¤ ê¸°ì‚¬ í¬ë¡¤ë§ì´ ì‹œìž‘ ë˜ì—ˆìŠµë‹ˆë‹¤
ë‰´ìŠ¤ ê¸°ì‚¬ í¬ë¡¤ë§ì´ ì‹œìž‘ ë˜ì—ˆìŠµë‹ˆë‹¤
ë‰´ìŠ¤ ê¸°ì‚¬ í¬ë¡¤ë§ì´ ì‹œìž‘ ë˜ì—ˆìŠµë‹ˆë‹¤
ë‰´ìŠ¤ ê¸°ì‚¬ í¬ë¡¤ë§ì´ ì‹œìž‘ ë˜ì—ˆìŠµë‹ˆë‹¤
ë‰´ìŠ¤ ê¸°ì‚¬ í¬ë¡¤ë§ì´ ì‹œìž‘ ë˜ì—ˆìŠµë‹ˆë‹¤
ë‰´ìŠ¤ ê¸°ì‚¬ í¬ë¡¤ë§ì´ ì‹œìž‘ ë˜ì—ˆìŠµë‹ˆë‹¤
ë‰´ìŠ¤ ê¸°ì‚¬ í¬ë¡¤ë§ì´ ì‹œìž‘ ë˜ì—ˆìŠµë‹ˆë‹¤
ë‰´ìŠ¤ ê¸°ì‚¬ í¬ë¡¤ë§ì´ ì‹œìž‘ ë˜ì—ˆìŠµë‹ˆë‹¤
ë‰´ìŠ¤ ê¸°ì‚¬ í¬ë¡¤ë§ì´ ì‹œìž‘ ë˜ì—ˆìŠµë‹ˆë‹¤
ë‰´ìŠ¤ ê¸°ì‚¬ í¬ë¡¤ë§ì´ ì‹œìž‘ ë˜ì—ˆìŠµë‹ˆë‹¤
ë‰´ìŠ¤ ê¸°ì‚¬ í¬ë¡¤ë§ì´ ì‹œìž‘ ë˜ì—ˆìŠµë‹ˆë‹¤
ë‰´ìŠ¤ ê¸°ì‚¬ í¬ë¡¤ë§ì´ ì‹œìž‘ ë˜ì—ˆìŠµë‹ˆë‹¤
ë‰´ìŠ¤ ê¸°ì‚¬ í¬ë¡¤ë§ì´ ì‹œìž‘ ë˜ì—ˆìŠµë‹ˆë‹¤
ë‰´ìŠ¤ ê¸°ì‚¬ í¬ë¡¤ë§ì´ ì‹œìž‘ ë˜ì—ˆìŠµë‹ˆë‹¤
ë‰´ìŠ¤ ê¸°ì‚¬ í¬ë¡¤ë§ì´ ì‹œìž‘ ë˜ì—ˆìŠµë‹ˆë‹¤
ë‰´ìŠ¤ ê¸°ì‚¬ í¬ë¡¤ë§ì´ ì‹œìž‘ ë˜ì—ˆìŠµë‹ˆë‹¤
ë‰´ìŠ¤ ê¸°ì‚¬ í¬ë¡¤ë§ì´ ì‹œìž‘ ë˜ì—ˆìŠµë‹ˆë‹¤
ë‰´ìŠ¤ ê¸°ì‚¬ í¬ë¡¤ë§ì´ ì‹œìž‘ ë˜ì—ˆìŠµë‹ˆë‹¤
ë‰´ìŠ¤ ê¸°ì‚¬ í¬ë¡¤ë§ì´ ì‹œìž‘ ë˜ì—ˆìŠµë‹ˆë‹¤
ë‰´ìŠ¤ ê¸°ì‚¬ í¬ë¡¤ë§ì´ ì‹œìž‘ ë˜ì—ˆìŠµë‹ˆë‹¤
ë‰´ìŠ¤ ê¸°ì‚¬ í¬ë¡¤ë§ì´ ì‹œìž‘ ë˜ì—ˆìŠµë‹ˆë‹¤
get command : /HA
get_name  HA ì•Œë¦¼ëª©ë¡
ha ê´€ì‹¬ ëª©ë¡ ì¡°íšŒ
get command : /HA
get_name  ì·¨ì†Œ
get command : /SHOWCHART
get_name  KEY
KeyCorp
get command : /SHOWCHART
get_name  FITB
Fifth Third Bancorp
ë‰´ìŠ¤ ê¸°ì‚¬ í¬ë¡¤ë§ì´ ì‹œìž‘ ë˜ì—ˆìŠµë‹ˆë‹¤
ë‰´ìŠ¤ ê¸°ì‚¬ í¬ë¡¤ë§ì´ ì‹œìž‘ ë˜ì—ˆìŠµë‹ˆë‹¤
ë‰´ìŠ¤ ê¸°ì‚¬ í¬ë¡¤ë§ì´ ì‹œìž‘ ë˜ì—ˆìŠµë‹ˆë‹¤
ë‰´ìŠ¤ ê¸°ì‚¬ í¬ë¡¤ë§ì´ ì‹œìž‘ ë˜ì—ˆìŠµë‹ˆë‹¤
ë‰´ìŠ¤ ê¸°ì‚¬ í¬ë¡¤ë§ì´ ì‹œìž‘ ë˜ì—ˆìŠµë‹ˆë‹¤
ë‰´ìŠ¤ ê¸°ì‚¬ í¬ë¡¤ë§ì´ ì‹œìž‘ ë˜ì—ˆìŠµë‹ˆë‹¤
ë‰´ìŠ¤ ê¸°ì‚¬ í¬ë¡¤ë§ì´ ì‹œìž‘ ë˜ì—ˆìŠµë‹ˆë‹¤
ë‰´ìŠ¤ ê¸°ì‚¬ í¬ë¡¤ë§ì´ ì‹œìž‘ ë˜ì—ˆìŠµë‹ˆë‹¤
ë‰´ìŠ¤ ê¸°ì‚¬ í¬ë¡¤ë§ì´ ì‹œìž‘ ë˜ì—ˆìŠµë‹ˆë‹¤
ë‰´ìŠ¤ ê¸°ì‚¬ í¬ë¡¤ë§ì´ ì‹œìž‘ ë˜ì—ˆìŠµë‹ˆë‹¤
BGF
CJ CGV
CJ ENM
CJëŒ€í•œí†µìš´
CJì œì¼ì œë‹¹
DBí•˜ì´í…
F&F
HKì´ë…¸ì—”
HMM
JYP Ent.
KBSTAR Fnìˆ˜ì†Œê²½ì œí…Œë§ˆ
KG ETS
KODEX 200
KODEX 200 ì¤‘ì†Œí˜•
KODEX 200ESG
KODEX 200ë™ì¼ê°€ì¤‘
KODEX ë°”ì´ì˜¤
KODEX ìžë™ì°¨
KT
LGë””ìŠ¤í”Œë ˆì´
LGì „ìž
LGí™”í•™
NAVER
SKë°”ì´ì˜¤ì‚¬ì´ì–¸ìŠ¤
SKì´ë…¸ë² ì´ì…˜
SKì¼€ë¯¸ì¹¼
SKí•˜ì´ë‹‰ìŠ¤
TIGER KRX BBIG K-ë‰´ë”œ
TIGER KRX2ì°¨ì „ì§€K-ë‰´ë”œ
TIGER KRXë°”ì´ì˜¤K-ë‰´ë”œ
TIGER TOP10
TIGER ê²½ê¸°ë°©ì–´
TIGER ê¸ˆì€ì„ ë¬¼(H)
TIGER ì—¬í–‰ë ˆì €
TIGER ìš°ëŸ‰ê°€ì¹˜
ê°•ì›ëžœë“œ
ê³ ë ¤ì‹ ìš©ì •ë³´
ê³¨í”„ì¡´
ê¸°ì•„
ë„¤ë¹„ê²Œì´í„° ì¹œí™˜ê²½ìžë™ì°¨ë°¸ë¥˜ì²´ì¸ì•¡í‹°ë¸Œ
ë‹¤ë‚ 
ëŒ€ì›ë¯¸ë””ì–´
ëŒ€í•œí•­ê³µ
ë”ë„¤ì´ì³í™€ë”©ìŠ¤
ë°ë¸Œì‹œìŠ¤í„°ì¦ˆ
ë‘ì‚°ì¤‘ê³µì—…
ë‘ì‚°í“¨ì–¼ì…€
ë¡¯ë°ì¹ ì„±
ë¹™ê·¸ë ˆ
ì‚¼ì„±SDI
ì‚¼ì„±ë°”ì´ì˜¤ë¡œì§ìŠ¤
ì‚¼ì„±ì—ìŠ¤ë””ì—ìŠ¤
ì‚¼ì„±ì—”ì§€ë‹ˆì–´ë§
ì‚¼ì„±ì „ìž
ì‚¼ì„±ì œì•½
ì„œë¦°ë°”ì´ì˜¤
ì…€íŠ¸ë¦¬ì˜¨
ì…€íŠ¸ë¦¬ì˜¨ì œì•½
ì…€íŠ¸ë¦¬ì˜¨í—¬ìŠ¤ì¼€ì–´
ìŠ¤íŠœë””ì˜¤ë“œëž˜ê³¤
ì‹ ì„¸ê³„
ì‹ ì¼ì œì•½
ì‹ í’ì œì•½
ì”¨ì—ìŠ¤ë² ì–´ë§
/home/ubuntu/.local/lib/python3.9/site-packages/matplotlib/backends/backend_agg.py:240: RuntimeWarning:

Glyph 51652 missing from current font.

/home/ubuntu/.local/lib/python3.9/site-packages/matplotlib/backends/backend_agg.py:240: RuntimeWarning:

Glyph 47588 missing from current font.

/home/ubuntu/.local/lib/python3.9/site-packages/matplotlib/backends/backend_agg.py:240: RuntimeWarning:

Glyph 53944 missing from current font.

/home/ubuntu/.local/lib/python3.9/site-packages/matplotlib/backends/backend_agg.py:240: RuntimeWarning:

Glyph 47533 missing from current font.

/home/ubuntu/.local/lib/python3.9/site-packages/matplotlib/backends/backend_agg.py:240: RuntimeWarning:

Glyph 49828 missing from current font.

/home/ubuntu/.local/lib/python3.9/site-packages/matplotlib/backends/backend_agg.py:203: RuntimeWarning:

Glyph 51652 missing from current font.

/home/ubuntu/.local/lib/python3.9/site-packages/matplotlib/backends/backend_agg.py:203: RuntimeWarning:

Glyph 47588 missing from current font.

/home/ubuntu/.local/lib/python3.9/site-packages/matplotlib/backends/backend_agg.py:203: RuntimeWarning:

Glyph 53944 missing from current font.

/home/ubuntu/.local/lib/python3.9/site-packages/matplotlib/backends/backend_agg.py:203: RuntimeWarning:

Glyph 47533 missing from current font.

/home/ubuntu/.local/lib/python3.9/site-packages/matplotlib/backends/backend_agg.py:203: RuntimeWarning:

Glyph 49828 missing from current font.

/home/ubuntu/.local/lib/python3.9/site-packages/matplotlib/backends/backend_agg.py:240: RuntimeWarning:

Glyph 54788 missing from current font.

/home/ubuntu/.local/lib/python3.9/site-packages/matplotlib/backends/backend_agg.py:240: RuntimeWarning:

Glyph 45824 missing from current font.

/home/ubuntu/.local/lib/python3.9/site-packages/matplotlib/backends/backend_agg.py:240: RuntimeWarning:

Glyph 47784 missing from current font.

/home/ubuntu/.local/lib/python3.9/site-packages/matplotlib/backends/backend_agg.py:240: RuntimeWarning:

Glyph 48708 missing from current font.

/home/ubuntu/.local/lib/python3.9/site-packages/matplotlib/backends/backend_agg.py:240: RuntimeWarning:

Glyph 49828 missing from current font.

/home/ubuntu/.local/lib/python3.9/site-packages/matplotlib/backends/backend_agg.py:203: RuntimeWarning:

Glyph 54788 missing from current font.

/home/ubuntu/.local/lib/python3.9/site-packages/matplotlib/backends/backend_agg.py:203: RuntimeWarning:

Glyph 45824 missing from current font.

/home/ubuntu/.local/lib/python3.9/site-packages/matplotlib/backends/backend_agg.py:203: RuntimeWarning:

Glyph 47784 missing from current font.

/home/ubuntu/.local/lib/python3.9/site-packages/matplotlib/backends/backend_agg.py:203: RuntimeWarning:

Glyph 48708 missing from current font.

/home/ubuntu/.local/lib/python3.9/site-packages/matplotlib/backends/backend_agg.py:203: RuntimeWarning:

Glyph 49828 missing from current font.

/home/ubuntu/.local/lib/python3.9/site-packages/matplotlib/backends/backend_agg.py:240: RuntimeWarning:

Glyph 54788 missing from current font.

/home/ubuntu/.local/lib/python3.9/site-packages/matplotlib/backends/backend_agg.py:240: RuntimeWarning:

Glyph 45824 missing from current font.

/home/ubuntu/.local/lib/python3.9/site-packages/matplotlib/backends/backend_agg.py:240: RuntimeWarning:

Glyph 52264 missing from current font.

/home/ubuntu/.local/lib/python3.9/site-packages/matplotlib/backends/backend_agg.py:203: RuntimeWarning:

Glyph 54788 missing from current font.

/home/ubuntu/.local/lib/python3.9/site-packages/matplotlib/backends/backend_agg.py:203: RuntimeWarning:

Glyph 45824 missing from current font.

/home/ubuntu/.local/lib/python3.9/site-packages/matplotlib/backends/backend_agg.py:203: RuntimeWarning:

Glyph 52264 missing from current font.

ì”¨ì—ìŠ¤ìœˆë“œ
ì”¨ì  
ì•„ì´ì§„
ì—ìŠ¤ë””ë°”ì´ì˜¤ì„¼ì„œ
ì—ìŠ¤ì— 
ì™€ì´ì—”í…
ì™€ì´ì§€ì—”í„°í…Œì¸ë¨¼íŠ¸
ìš©í‰ë¦¬ì¡°íŠ¸
ìš°ë¦¬ë°”ì´ì˜¤
ìœ„ë©”ì´ë“œ
ì´ë§ˆíŠ¸
ì§„ë§¤íŠ¸ë¦­ìŠ¤
ì²œë³´
ì¹´ì¹´ì˜¤
ì¹´ì¹´ì˜¤ë±…í¬
ì½”ì˜¤ë¡±ì¸ë”
íŽ„ì–´ë¹„ìŠ¤
í”„ë¡œìŠ¤í…Œë¯¹ìŠ¤
í•˜ì´ë¸Œ
í•œêµ­ì „ë ¥
í•œë¯¸ë°˜ë„ì²´
í•œì „KPS
í•œí™”ì†”ë£¨ì…˜
í˜„ëŒ€ëª¨ë¹„ìŠ¤
í˜„ëŒ€ë°”ì´ì˜¤
í˜„ëŒ€ì°¨
íœ´ë§ˆì‹œìŠ¤
ë‰´ìŠ¤ ê¸°ì‚¬ í¬ë¡¤ë§ì´ ì‹œìž‘ ë˜ì—ˆìŠµë‹ˆë‹¤
ë‰´ìŠ¤ ê¸°ì‚¬ í¬ë¡¤ë§ì´ ì‹œìž‘ ë˜ì—ˆìŠµë‹ˆë‹¤
ë‰´ìŠ¤ ê¸°ì‚¬ í¬ë¡¤ë§ì´ ì‹œìž‘ ë˜ì—ˆìŠµë‹ˆë‹¤
ë‰´ìŠ¤ ê¸°ì‚¬ í¬ë¡¤ë§ì´ ì‹œìž‘ ë˜ì—ˆìŠµë‹ˆë‹¤
ë‰´ìŠ¤ ê¸°ì‚¬ í¬ë¡¤ë§ì´ ì‹œìž‘ ë˜ì—ˆìŠµë‹ˆë‹¤
ë‰´ìŠ¤ ê¸°ì‚¬ í¬ë¡¤ë§ì´ ì‹œìž‘ ë˜ì—ˆìŠµë‹ˆë‹¤
ë‰´ìŠ¤ ê¸°ì‚¬ í¬ë¡¤ë§ì´ ì‹œìž‘ ë˜ì—ˆìŠµë‹ˆë‹¤
ë‰´ìŠ¤ ê¸°ì‚¬ í¬ë¡¤ë§ì´ ì‹œìž‘ ë˜ì—ˆìŠµë‹ˆë‹¤
ë‰´ìŠ¤ ê¸°ì‚¬ í¬ë¡¤ë§ì´ ì‹œìž‘ ë˜ì—ˆìŠµë‹ˆë‹¤
ë‰´ìŠ¤ ê¸°ì‚¬ í¬ë¡¤ë§ì´ ì‹œìž‘ ë˜ì—ˆìŠµë‹ˆë‹¤
ë‰´ìŠ¤ ê¸°ì‚¬ í¬ë¡¤ë§ì´ ì‹œìž‘ ë˜ì—ˆìŠµë‹ˆë‹¤
ë‰´ìŠ¤ ê¸°ì‚¬ í¬ë¡¤ë§ì´ ì‹œìž‘ ë˜ì—ˆìŠµë‹ˆë‹¤
ë‰´ìŠ¤ ê¸°ì‚¬ í¬ë¡¤ë§ì´ ì‹œìž‘ ë˜ì—ˆìŠµë‹ˆë‹¤
ë‰´ìŠ¤ ê¸°ì‚¬ í¬ë¡¤ë§ì´ ì‹œìž‘ ë˜ì—ˆìŠµë‹ˆë‹¤
ë‰´ìŠ¤ ê¸°ì‚¬ í¬ë¡¤ë§ì´ ì‹œìž‘ ë˜ì—ˆìŠµë‹ˆë‹¤
ë‰´ìŠ¤ ê¸°ì‚¬ í¬ë¡¤ë§ì´ ì‹œìž‘ ë˜ì—ˆìŠµë‹ˆë‹¤
get command : /HA
get_name  HA ëª©ë¡ì‚­ì œ
ì¶”ê°€í•  ì¢…ëª©ì˜ ì´ë¦„ or í‹°ì»¤ë¥¼ ìž…ë ¥í•´ì£¼ì„¸ìš”
get_name  ë‘ì‚°ì¤‘ê³µì—…
ë‘ì‚°ì¤‘ê³µì—… : HA ëª©ë¡ì—ì„œ ì‚­ì œí–ˆìŠµë‹ˆë‹¤.
get command : /NEWS
get_name  ë‰´ìŠ¤ì‚­ì œ
get_name  ë‘ì‚°ì¤‘ê³µì—…
ë‘ì‚°ì¤‘ê³µì—… : ëª©ë¡ì— ìžˆìŠµë‹ˆë‹¤. ì‚­ì œí•©ë‹ˆë‹¤.
ë‰´ìŠ¤ ê¸°ì‚¬ í¬ë¡¤ë§ì´ ì‹œìž‘ ë˜ì—ˆìŠµë‹ˆë‹¤
ë‰´ìŠ¤ ê¸°ì‚¬ í¬ë¡¤ë§ì´ ì‹œìž‘ ë˜ì—ˆìŠµë‹ˆë‹¤
ë‰´ìŠ¤ ê¸°ì‚¬ í¬ë¡¤ë§ì´ ì‹œìž‘ ë˜ì—ˆìŠµë‹ˆë‹¤
ë‰´ìŠ¤ ê¸°ì‚¬ í¬ë¡¤ë§ì´ ì‹œìž‘ ë˜ì—ˆìŠµë‹ˆë‹¤
ë‰´ìŠ¤ ê¸°ì‚¬ í¬ë¡¤ë§ì´ ì‹œìž‘ ë˜ì—ˆìŠµë‹ˆë‹¤
ë‰´ìŠ¤ ê¸°ì‚¬ í¬ë¡¤ë§ì´ ì‹œìž‘ ë˜ì—ˆìŠµë‹ˆë‹¤
ë‰´ìŠ¤ ê¸°ì‚¬ í¬ë¡¤ë§ì´ ì‹œìž‘ ë˜ì—ˆìŠµë‹ˆë‹¤
get_name  AOA (ì›Œë‡¨ë ) í˜„ìž¬ í¬ì§€ì…˜ : LONGâ¬†ï¸
ì—…ë°ì´íŠ¸ ì‹œê°„ : 2021-08-13 21:15:03
HTTPS://KIMPYA.SITE/PAGE/READERBOARD.PHP
ë‰´ìŠ¤ ê¸°ì‚¬ í¬ë¡¤ë§ì´ ì‹œìž‘ ë˜ì—ˆìŠµë‹ˆë‹¤
ë‰´ìŠ¤ ê¸°ì‚¬ í¬ë¡¤ë§ì´ ì‹œìž‘ ë˜ì—ˆìŠµë‹ˆë‹¤
ë‰´ìŠ¤ ê¸°ì‚¬ í¬ë¡¤ë§ì´ ì‹œìž‘ ë˜ì—ˆìŠµë‹ˆë‹¤
ë‰´ìŠ¤ ê¸°ì‚¬ í¬ë¡¤ë§ì´ ì‹œìž‘ ë˜ì—ˆìŠµë‹ˆë‹¤
ë‰´ìŠ¤ ê¸°ì‚¬ í¬ë¡¤ë§ì´ ì‹œìž‘ ë˜ì—ˆìŠµë‹ˆë‹¤
ë‰´ìŠ¤ ê¸°ì‚¬ í¬ë¡¤ë§ì´ ì‹œìž‘ ë˜ì—ˆìŠµë‹ˆë‹¤
ë‰´ìŠ¤ ê¸°ì‚¬ í¬ë¡¤ë§ì´ ì‹œìž‘ ë˜ì—ˆìŠµë‹ˆë‹¤
AAPL
ABNB
ADBE
ADSK
AMD
AMZN
ASML
ATVI
AXP
BA
BAC
BLK
BRK
CCL
COIN
CPNG
CRWD
DD
DIS
DISCK
DOW
DPZ
F
FB
FITB
GLW
GM
GOOGL
GPS
GS
INTC
IRM
JNJ
JPM
KEY
KO
LMT
MET
MO
MRK
MRNA
MSFT
MU
NEM
NET
NFLX
NKE
NVDA
O
ODP
ORCL
PFE
PINS
PLD
PVH
PYPL
QCOM
RBLX
REAL
RL
SHOP
SNAP
SNOW
SNY
SPCE
TSLA
TSM
TWTR
U
UAL
UBER
V
VFC
VIAC
Z
ZM
ë‰´ìŠ¤ ê¸°ì‚¬ í¬ë¡¤ë§ì´ ì‹œìž‘ ë˜ì—ˆìŠµë‹ˆë‹¤
ë‰´ìŠ¤ ê¸°ì‚¬ í¬ë¡¤ë§ì´ ì‹œìž‘ ë˜ì—ˆìŠµë‹ˆë‹¤
ë‰´ìŠ¤ ê¸°ì‚¬ í¬ë¡¤ë§ì´ ì‹œìž‘ ë˜ì—ˆìŠµë‹ˆë‹¤
ë‰´ìŠ¤ ê¸°ì‚¬ í¬ë¡¤ë§ì´ ì‹œìž‘ ë˜ì—ˆìŠµë‹ˆë‹¤
ë‰´ìŠ¤ ê¸°ì‚¬ í¬ë¡¤ë§ì´ ì‹œìž‘ ë˜ì—ˆìŠµë‹ˆë‹¤
get command : /HA
get_name  HA ëª©ë¡ì‚­ì œ
ì¶”ê°€í•  ì¢…ëª©ì˜ ì´ë¦„ or í‹°ì»¤ë¥¼ ìž…ë ¥í•´ì£¼ì„¸ìš”
get_name  VFC
VFC : HA ëª©ë¡ì—ì„œ ì‚­ì œí–ˆìŠµë‹ˆë‹¤.
ë‰´ìŠ¤ ê¸°ì‚¬ í¬ë¡¤ë§ì´ ì‹œìž‘ ë˜ì—ˆìŠµë‹ˆë‹¤
ë‰´ìŠ¤ ê¸°ì‚¬ í¬ë¡¤ë§ì´ ì‹œìž‘ ë˜ì—ˆìŠµë‹ˆë‹¤
ë‰´ìŠ¤ ê¸°ì‚¬ í¬ë¡¤ë§ì´ ì‹œìž‘ ë˜ì—ˆìŠµë‹ˆë‹¤
ë‰´ìŠ¤ ê¸°ì‚¬ í¬ë¡¤ë§ì´ ì‹œìž‘ ë˜ì—ˆìŠµë‹ˆë‹¤
ë‰´ìŠ¤ ê¸°ì‚¬ í¬ë¡¤ë§ì´ ì‹œìž‘ ë˜ì—ˆìŠµë‹ˆë‹¤
ë‰´ìŠ¤ ê¸°ì‚¬ í¬ë¡¤ë§ì´ ì‹œìž‘ ë˜ì—ˆìŠµë‹ˆë‹¤
ë‰´ìŠ¤ ê¸°ì‚¬ í¬ë¡¤ë§ì´ ì‹œìž‘ ë˜ì—ˆìŠµë‹ˆë‹¤
ë‰´ìŠ¤ ê¸°ì‚¬ í¬ë¡¤ë§ì´ ì‹œìž‘ ë˜ì—ˆìŠµë‹ˆë‹¤
ë‰´ìŠ¤ ê¸°ì‚¬ í¬ë¡¤ë§ì´ ì‹œìž‘ ë˜ì—ˆìŠµë‹ˆë‹¤
ë‰´ìŠ¤ ê¸°ì‚¬ í¬ë¡¤ë§ì´ ì‹œìž‘ ë˜ì—ˆìŠµë‹ˆë‹¤
ë‰´ìŠ¤ ê¸°ì‚¬ í¬ë¡¤ë§ì´ ì‹œìž‘ ë˜ì—ˆìŠµë‹ˆë‹¤
get_name  ë‚´ì¼(8.14.) ðŸŒ™ ì˜¤í›„ ê°•ìˆ˜í™•ë¥ : 60% êµ¬ë¦„ë§Žê³  ê°€ë” ì†Œë‚˜ê¸°
í† (8.21.) ðŸŒž ì˜¤ì „ ê°•ìˆ˜í™•ë¥ : 60% íë¦¬ê³  ë¹„ ðŸŒ¦
í† (8.21.) ðŸŒ™ ì˜¤í›„ ê°•ìˆ˜í™•ë¥ : 60% íë¦¬ê³  ë¹„ ðŸŒ¦
ì¼(8.22.) ðŸŒž ì˜¤ì „ ê°•ìˆ˜í™•ë¥ : 60% íë¦¬ê³  ë¹„ ðŸŒ¦
ì¼(8.22.) ðŸŒ™ ì˜¤í›„ ê°•ìˆ˜í™•ë¥ : 60% íë¦¬ê³  ë¹„ ðŸŒ¦
ì›”(8.23.) ðŸŒž ì˜¤ì „ ê°•ìˆ˜í™•ë¥ : 60% íë¦¬ê³  ë¹„ ðŸŒ¦
ì›”(8.23.) ðŸŒ™ ì˜¤í›„ ê°•ìˆ˜í™•ë¥ : 60% íë¦¬ê³  ë¹„ ðŸŒ¦
ë‰´ìŠ¤ ê¸°ì‚¬ í¬ë¡¤ë§ì´ ì‹œìž‘ ë˜ì—ˆìŠµë‹ˆë‹¤
ë‰´ìŠ¤ ê¸°ì‚¬ í¬ë¡¤ë§ì´ ì‹œìž‘ ë˜ì—ˆìŠµë‹ˆë‹¤
ë‰´ìŠ¤ ê¸°ì‚¬ í¬ë¡¤ë§ì´ ì‹œìž‘ ë˜ì—ˆìŠµë‹ˆë‹¤
ë‰´ìŠ¤ ê¸°ì‚¬ í¬ë¡¤ë§ì´ ì‹œìž‘ ë˜ì—ˆìŠµë‹ˆë‹¤
ë‰´ìŠ¤ ê¸°ì‚¬ í¬ë¡¤ë§ì´ ì‹œìž‘ ë˜ì—ˆìŠµë‹ˆë‹¤
ë‰´ìŠ¤ ê¸°ì‚¬ í¬ë¡¤ë§ì´ ì‹œìž‘ ë˜ì—ˆìŠµë‹ˆë‹¤
ë‰´ìŠ¤ ê¸°ì‚¬ í¬ë¡¤ë§ì´ ì‹œìž‘ ë˜ì—ˆìŠµë‹ˆë‹¤
ë‰´ìŠ¤ ê¸°ì‚¬ í¬ë¡¤ë§ì´ ì‹œìž‘ ë˜ì—ˆìŠµë‹ˆë‹¤
ë‰´ìŠ¤ ê¸°ì‚¬ í¬ë¡¤ë§ì´ ì‹œìž‘ ë˜ì—ˆìŠµë‹ˆë‹¤
ë‰´ìŠ¤ ê¸°ì‚¬ í¬ë¡¤ë§ì´ ì‹œìž‘ ë˜ì—ˆìŠµë‹ˆë‹¤
ë‰´ìŠ¤ ê¸°ì‚¬ í¬ë¡¤ë§ì´ ì‹œìž‘ ë˜ì—ˆìŠµë‹ˆë‹¤
ë‰´ìŠ¤ ê¸°ì‚¬ í¬ë¡¤ë§ì´ ì‹œìž‘ ë˜ì—ˆìŠµë‹ˆë‹¤
ë‰´ìŠ¤ ê¸°ì‚¬ í¬ë¡¤ë§ì´ ì‹œìž‘ ë˜ì—ˆìŠµë‹ˆë‹¤
ë‰´ìŠ¤ ê¸°ì‚¬ í¬ë¡¤ë§ì´ ì‹œìž‘ ë˜ì—ˆìŠµë‹ˆë‹¤
ë‰´ìŠ¤ ê¸°ì‚¬ í¬ë¡¤ë§ì´ ì‹œìž‘ ë˜ì—ˆìŠµë‹ˆë‹¤
ë‰´ìŠ¤ ê¸°ì‚¬ í¬ë¡¤ë§ì´ ì‹œìž‘ ë˜ì—ˆìŠµë‹ˆë‹¤
ë‰´ìŠ¤ ê¸°ì‚¬ í¬ë¡¤ë§ì´ ì‹œìž‘ ë˜ì—ˆìŠµë‹ˆë‹¤
ë‰´ìŠ¤ ê¸°ì‚¬ í¬ë¡¤ë§ì´ ì‹œìž‘ ë˜ì—ˆìŠµë‹ˆë‹¤
ë‰´ìŠ¤ ê¸°ì‚¬ í¬ë¡¤ë§ì´ ì‹œìž‘ ë˜ì—ˆìŠµë‹ˆë‹¤
ë‰´ìŠ¤ ê¸°ì‚¬ í¬ë¡¤ë§ì´ ì‹œìž‘ ë˜ì—ˆìŠµë‹ˆë‹¤
ë‰´ìŠ¤ ê¸°ì‚¬ í¬ë¡¤ë§ì´ ì‹œìž‘ ë˜ì—ˆìŠµë‹ˆë‹¤
ë‰´ìŠ¤ ê¸°ì‚¬ í¬ë¡¤ë§ì´ ì‹œìž‘ ë˜ì—ˆìŠµë‹ˆë‹¤
ë‰´ìŠ¤ ê¸°ì‚¬ í¬ë¡¤ë§ì´ ì‹œìž‘ ë˜ì—ˆìŠµë‹ˆë‹¤
ë‰´ìŠ¤ ê¸°ì‚¬ í¬ë¡¤ë§ì´ ì‹œìž‘ ë˜ì—ˆìŠµë‹ˆë‹¤
ë‰´ìŠ¤ ê¸°ì‚¬ í¬ë¡¤ë§ì´ ì‹œìž‘ ë˜ì—ˆìŠµë‹ˆë‹¤
ë‰´ìŠ¤ ê¸°ì‚¬ í¬ë¡¤ë§ì´ ì‹œìž‘ ë˜ì—ˆìŠµë‹ˆë‹¤
ë‰´ìŠ¤ ê¸°ì‚¬ í¬ë¡¤ë§ì´ ì‹œìž‘ ë˜ì—ˆìŠµë‹ˆë‹¤
ë‰´ìŠ¤ ê¸°ì‚¬ í¬ë¡¤ë§ì´ ì‹œìž‘ ë˜ì—ˆìŠµë‹ˆë‹¤
ë‰´ìŠ¤ ê¸°ì‚¬ í¬ë¡¤ë§ì´ ì‹œìž‘ ë˜ì—ˆìŠµë‹ˆë‹¤
ë‰´ìŠ¤ ê¸°ì‚¬ í¬ë¡¤ë§ì´ ì‹œìž‘ ë˜ì—ˆìŠµë‹ˆë‹¤
ë‰´ìŠ¤ ê¸°ì‚¬ í¬ë¡¤ë§ì´ ì‹œìž‘ ë˜ì—ˆìŠµë‹ˆë‹¤
ë‰´ìŠ¤ ê¸°ì‚¬ í¬ë¡¤ë§ì´ ì‹œìž‘ ë˜ì—ˆìŠµë‹ˆë‹¤
ë‰´ìŠ¤ ê¸°ì‚¬ í¬ë¡¤ë§ì´ ì‹œìž‘ ë˜ì—ˆìŠµë‹ˆë‹¤
ë‰´ìŠ¤ ê¸°ì‚¬ í¬ë¡¤ë§ì´ ì‹œìž‘ ë˜ì—ˆìŠµë‹ˆë‹¤
ë‰´ìŠ¤ ê¸°ì‚¬ í¬ë¡¤ë§ì´ ì‹œìž‘ ë˜ì—ˆìŠµë‹ˆë‹¤
ë‰´ìŠ¤ ê¸°ì‚¬ í¬ë¡¤ë§ì´ ì‹œìž‘ ë˜ì—ˆìŠµë‹ˆë‹¤
ë‰´ìŠ¤ ê¸°ì‚¬ í¬ë¡¤ë§ì´ ì‹œìž‘ ë˜ì—ˆìŠµë‹ˆë‹¤
ë‰´ìŠ¤ ê¸°ì‚¬ í¬ë¡¤ë§ì´ ì‹œìž‘ ë˜ì—ˆìŠµë‹ˆë‹¤
ë‰´ìŠ¤ ê¸°ì‚¬ í¬ë¡¤ë§ì´ ì‹œìž‘ ë˜ì—ˆìŠµë‹ˆë‹¤
ë‰´ìŠ¤ ê¸°ì‚¬ í¬ë¡¤ë§ì´ ì‹œìž‘ ë˜ì—ˆìŠµë‹ˆë‹¤
ë‰´ìŠ¤ ê¸°ì‚¬ í¬ë¡¤ë§ì´ ì‹œìž‘ ë˜ì—ˆìŠµë‹ˆë‹¤
ë‰´ìŠ¤ ê¸°ì‚¬ í¬ë¡¤ë§ì´ ì‹œìž‘ ë˜ì—ˆìŠµë‹ˆë‹¤
ë‰´ìŠ¤ ê¸°ì‚¬ í¬ë¡¤ë§ì´ ì‹œìž‘ ë˜ì—ˆìŠµë‹ˆë‹¤
ë‰´ìŠ¤ ê¸°ì‚¬ í¬ë¡¤ë§ì´ ì‹œìž‘ ë˜ì—ˆìŠµë‹ˆë‹¤
ë‰´ìŠ¤ ê¸°ì‚¬ í¬ë¡¤ë§ì´ ì‹œìž‘ ë˜ì—ˆìŠµë‹ˆë‹¤
ë‰´ìŠ¤ ê¸°ì‚¬ í¬ë¡¤ë§ì´ ì‹œìž‘ ë˜ì—ˆìŠµë‹ˆë‹¤
ë‰´ìŠ¤ ê¸°ì‚¬ í¬ë¡¤ë§ì´ ì‹œìž‘ ë˜ì—ˆìŠµë‹ˆë‹¤
ë‰´ìŠ¤ ê¸°ì‚¬ í¬ë¡¤ë§ì´ ì‹œìž‘ ë˜ì—ˆìŠµë‹ˆë‹¤
ë‰´ìŠ¤ ê¸°ì‚¬ í¬ë¡¤ë§ì´ ì‹œìž‘ ë˜ì—ˆìŠµë‹ˆë‹¤
ë‰´ìŠ¤ ê¸°ì‚¬ í¬ë¡¤ë§ì´ ì‹œìž‘ ë˜ì—ˆìŠµë‹ˆë‹¤
ë‰´ìŠ¤ ê¸°ì‚¬ í¬ë¡¤ë§ì´ ì‹œìž‘ ë˜ì—ˆìŠµë‹ˆë‹¤
ë‰´ìŠ¤ ê¸°ì‚¬ í¬ë¡¤ë§ì´ ì‹œìž‘ ë˜ì—ˆìŠµë‹ˆë‹¤
ë‰´ìŠ¤ ê¸°ì‚¬ í¬ë¡¤ë§ì´ ì‹œìž‘ ë˜ì—ˆìŠµë‹ˆë‹¤
ë‰´ìŠ¤ ê¸°ì‚¬ í¬ë¡¤ë§ì´ ì‹œìž‘ ë˜ì—ˆìŠµë‹ˆë‹¤
ë‰´ìŠ¤ ê¸°ì‚¬ í¬ë¡¤ë§ì´ ì‹œìž‘ ë˜ì—ˆìŠµë‹ˆë‹¤
ë‰´ìŠ¤ ê¸°ì‚¬ í¬ë¡¤ë§ì´ ì‹œìž‘ ë˜ì—ˆìŠµë‹ˆë‹¤
ë‰´ìŠ¤ ê¸°ì‚¬ í¬ë¡¤ë§ì´ ì‹œìž‘ ë˜ì—ˆìŠµë‹ˆë‹¤
ë‰´ìŠ¤ ê¸°ì‚¬ í¬ë¡¤ë§ì´ ì‹œìž‘ ë˜ì—ˆìŠµë‹ˆë‹¤
ë‰´ìŠ¤ ê¸°ì‚¬ í¬ë¡¤ë§ì´ ì‹œìž‘ ë˜ì—ˆìŠµë‹ˆë‹¤
ë‰´ìŠ¤ ê¸°ì‚¬ í¬ë¡¤ë§ì´ ì‹œìž‘ ë˜ì—ˆìŠµë‹ˆë‹¤
ë‰´ìŠ¤ ê¸°ì‚¬ í¬ë¡¤ë§ì´ ì‹œìž‘ ë˜ì—ˆìŠµë‹ˆë‹¤
ë‰´ìŠ¤ ê¸°ì‚¬ í¬ë¡¤ë§ì´ ì‹œìž‘ ë˜ì—ˆìŠµë‹ˆë‹¤
ë‰´ìŠ¤ ê¸°ì‚¬ í¬ë¡¤ë§ì´ ì‹œìž‘ ë˜ì—ˆìŠµë‹ˆë‹¤
ë‰´ìŠ¤ ê¸°ì‚¬ í¬ë¡¤ë§ì´ ì‹œìž‘ ë˜ì—ˆìŠµë‹ˆë‹¤
ë‰´ìŠ¤ ê¸°ì‚¬ í¬ë¡¤ë§ì´ ì‹œìž‘ ë˜ì—ˆìŠµë‹ˆë‹¤
ë‰´ìŠ¤ ê¸°ì‚¬ í¬ë¡¤ë§ì´ ì‹œìž‘ ë˜ì—ˆìŠµë‹ˆë‹¤
ë‰´ìŠ¤ ê¸°ì‚¬ í¬ë¡¤ë§ì´ ì‹œìž‘ ë˜ì—ˆìŠµë‹ˆë‹¤
ë‰´ìŠ¤ ê¸°ì‚¬ í¬ë¡¤ë§ì´ ì‹œìž‘ ë˜ì—ˆìŠµë‹ˆë‹¤
ë‰´ìŠ¤ ê¸°ì‚¬ í¬ë¡¤ë§ì´ ì‹œìž‘ ë˜ì—ˆìŠµë‹ˆë‹¤
ë‰´ìŠ¤ ê¸°ì‚¬ í¬ë¡¤ë§ì´ ì‹œìž‘ ë˜ì—ˆìŠµë‹ˆë‹¤
ë‰´ìŠ¤ ê¸°ì‚¬ í¬ë¡¤ë§ì´ ì‹œìž‘ ë˜ì—ˆìŠµë‹ˆë‹¤
ë‰´ìŠ¤ ê¸°ì‚¬ í¬ë¡¤ë§ì´ ì‹œìž‘ ë˜ì—ˆìŠµë‹ˆë‹¤
ë‰´ìŠ¤ ê¸°ì‚¬ í¬ë¡¤ë§ì´ ì‹œìž‘ ë˜ì—ˆìŠµë‹ˆë‹¤
ë‰´ìŠ¤ ê¸°ì‚¬ í¬ë¡¤ë§ì´ ì‹œìž‘ ë˜ì—ˆìŠµë‹ˆë‹¤
ë‰´ìŠ¤ ê¸°ì‚¬ í¬ë¡¤ë§ì´ ì‹œìž‘ ë˜ì—ˆìŠµë‹ˆë‹¤
ë‰´ìŠ¤ ê¸°ì‚¬ í¬ë¡¤ë§ì´ ì‹œìž‘ ë˜ì—ˆìŠµë‹ˆë‹¤
ë‰´ìŠ¤ ê¸°ì‚¬ í¬ë¡¤ë§ì´ ì‹œìž‘ ë˜ì—ˆìŠµë‹ˆë‹¤
ë‰´ìŠ¤ ê¸°ì‚¬ í¬ë¡¤ë§ì´ ì‹œìž‘ ë˜ì—ˆìŠµë‹ˆë‹¤
ë‰´ìŠ¤ ê¸°ì‚¬ í¬ë¡¤ë§ì´ ì‹œìž‘ ë˜ì—ˆìŠµë‹ˆë‹¤
ë‰´ìŠ¤ ê¸°ì‚¬ í¬ë¡¤ë§ì´ ì‹œìž‘ ë˜ì—ˆìŠµë‹ˆë‹¤
ë‰´ìŠ¤ ê¸°ì‚¬ í¬ë¡¤ë§ì´ ì‹œìž‘ ë˜ì—ˆìŠµë‹ˆë‹¤
ë‰´ìŠ¤ ê¸°ì‚¬ í¬ë¡¤ë§ì´ ì‹œìž‘ ë˜ì—ˆìŠµë‹ˆë‹¤
Error while getting Updates: urllib3 HTTPError ('Connection aborted.', ConnectionResetError(104, 'Connection reset by peer'))
No error handlers are registered, logging exception.
Traceback (most recent call last):
  File "/home/ubuntu/.local/lib/python3.9/site-packages/telegram/vendor/ptb_urllib3/urllib3/connectionpool.py", line 614, in urlopen
    httplib_response = self._make_request(conn, method, url,
  File "/home/ubuntu/.local/lib/python3.9/site-packages/telegram/vendor/ptb_urllib3/urllib3/connectionpool.py", line 402, in _make_request
    six.raise_from(e, None)
  File "<string>", line 2, in raise_from
  File "/home/ubuntu/.local/lib/python3.9/site-packages/telegram/vendor/ptb_urllib3/urllib3/connectionpool.py", line 398, in _make_request
    httplib_response = conn.getresponse()
  File "/usr/lib/python3.9/http/client.py", line 1345, in getresponse
    response.begin()
  File "/usr/lib/python3.9/http/client.py", line 307, in begin
    version, status, reason = self._read_status()
  File "/usr/lib/python3.9/http/client.py", line 268, in _read_status
    line = str(self.fp.readline(_MAXLINE + 1), "iso-8859-1")
  File "/usr/lib/python3.9/socket.py", line 704, in readinto
    return self._sock.recv_into(b)
  File "/usr/lib/python3.9/ssl.py", line 1241, in recv_into
    return self.read(nbytes, buffer)
  File "/usr/lib/python3.9/ssl.py", line 1099, in read
    return self._sslobj.read(len, buffer)
ConnectionResetError: [Errno 104] Connection reset by peer

During handling of the above exception, another exception occurred:

Traceback (most recent call last):
  File "/home/ubuntu/.local/lib/python3.9/site-packages/telegram/utils/request.py", line 259, in _request_wrapper
    resp = self._con_pool.request(*args, **kwargs)
  File "/home/ubuntu/.local/lib/python3.9/site-packages/telegram/vendor/ptb_urllib3/urllib3/request.py", line 68, in request
    return self.request_encode_body(method, url, fields=fields,
  File "/home/ubuntu/.local/lib/python3.9/site-packages/telegram/vendor/ptb_urllib3/urllib3/request.py", line 148, in request_encode_body
    return self.urlopen(method, url, **extra_kw)
  File "/home/ubuntu/.local/lib/python3.9/site-packages/telegram/vendor/ptb_urllib3/urllib3/poolmanager.py", line 244, in urlopen
    response = conn.urlopen(method, u.request_uri, **kw)
  File "/home/ubuntu/.local/lib/python3.9/site-packages/telegram/vendor/ptb_urllib3/urllib3/connectionpool.py", line 665, in urlopen
    retries = retries.increment(method, url, error=e, _pool=self,
  File "/home/ubuntu/.local/lib/python3.9/site-packages/telegram/vendor/ptb_urllib3/urllib3/util/retry.py", line 347, in increment
    raise six.reraise(type(error), error, _stacktrace)
  File "/home/ubuntu/.local/lib/python3.9/site-packages/telegram/vendor/ptb_urllib3/urllib3/packages/six.py", line 685, in reraise
    raise value.with_traceback(tb)
  File "/home/ubuntu/.local/lib/python3.9/site-packages/telegram/vendor/ptb_urllib3/urllib3/connectionpool.py", line 614, in urlopen
    httplib_response = self._make_request(conn, method, url,
  File "/home/ubuntu/.local/lib/python3.9/site-packages/telegram/vendor/ptb_urllib3/urllib3/connectionpool.py", line 402, in _make_request
    six.raise_from(e, None)
  File "<string>", line 2, in raise_from
  File "/home/ubuntu/.local/lib/python3.9/site-packages/telegram/vendor/ptb_urllib3/urllib3/connectionpool.py", line 398, in _make_request
    httplib_response = conn.getresponse()
  File "/usr/lib/python3.9/http/client.py", line 1345, in getresponse
    response.begin()
  File "/usr/lib/python3.9/http/client.py", line 307, in begin
    version, status, reason = self._read_status()
  File "/usr/lib/python3.9/http/client.py", line 268, in _read_status
    line = str(self.fp.readline(_MAXLINE + 1), "iso-8859-1")
  File "/usr/lib/python3.9/socket.py", line 704, in readinto
    return self._sock.recv_into(b)
  File "/usr/lib/python3.9/ssl.py", line 1241, in recv_into
    return self.read(nbytes, buffer)
  File "/usr/lib/python3.9/ssl.py", line 1099, in read
    return self._sslobj.read(len, buffer)
telegram.vendor.ptb_urllib3.urllib3.exceptions.ProtocolError: ('Connection aborted.', ConnectionResetError(104, 'Connection reset by peer'))

The above exception was the direct cause of the following exception:

Traceback (most recent call last):
  File "/home/ubuntu/.local/lib/python3.9/site-packages/telegram/ext/updater.py", line 646, in _network_loop_retry
    if not action_cb():
  File "/home/ubuntu/.local/lib/python3.9/site-packages/telegram/ext/updater.py", line 597, in polling_action_cb
    updates = self.bot.get_updates(
  File "/home/ubuntu/.local/lib/python3.9/site-packages/telegram/ext/extbot.py", line 222, in get_updates
    updates = super().get_updates(
  File "/home/ubuntu/.local/lib/python3.9/site-packages/telegram/bot.py", line 130, in decorator
    result = func(*args, **kwargs)
  File "/home/ubuntu/.local/lib/python3.9/site-packages/telegram/bot.py", line 2861, in get_updates
    self._post(
  File "/home/ubuntu/.local/lib/python3.9/site-packages/telegram/bot.py", line 295, in _post
    return self.request.post(
  File "/home/ubuntu/.local/lib/python3.9/site-packages/telegram/utils/request.py", line 356, in post
    result = self._request_wrapper(
  File "/home/ubuntu/.local/lib/python3.9/site-packages/telegram/utils/request.py", line 265, in _request_wrapper
    raise NetworkError(f'urllib3 HTTPError {error}') from error
telegram.error.NetworkError: urllib3 HTTPError ('Connection aborted.', ConnectionResetError(104, 'Connection reset by peer'))
